#
# A fatal error has been detected by the Java Runtime Environment:
#
#  SIGSEGV (0xb) at pc=0x0000000103324db8, pid=812, tid=0x000000000000700b
#
# JRE version: Java(TM) SE Runtime Environment (8.0_212-b10) (build 1.8.0_212-b10)
# Java VM: Java HotSpot(TM) 64-Bit Server VM (25.212-b10 mixed mode bsd-amd64 compressed oops)
# Problematic frame:
# V  [libjvm.dylib+0x324db8]
#
# Failed to write core dump. Core dumps have been disabled. To enable core dumping, try "ulimit -c unlimited" before starting Java again
#
# If you would like to submit a bug report, please visit:
#   http://bugreport.java.com/bugreport/crash.jsp
#

---------------  T H R E A D  ---------------

Current thread (0x00007f96dfa2d000):  JavaThread "XGBoostUpdater-XGBoost_model_1618987135540_5" daemon [_thread_in_vm, id=28683, stack(0x0000700007cf5000,0x0000700007df5000)]

siginfo: si_signo: 11 (SIGSEGV), si_code: 1 (SEGV_MAPERR), si_addr: 0x0000000000000000

Registers:
RAX=0x00000000040f411f, RBX=0x00000000040f411f, RCX=0x00000000040f411f, RDX=0x0000000000000000
RSP=0x0000700007df4710, RBP=0x0000700007df4770, RSI=0x0000000000000000, RDI=0x00007f96dfa2d1f8
R8 =0x00007f968d53c000, R9 =0x0000700007df45b8, R10=0x00000001035ef0bd, R11=0x00007f95d6a201f6
R12=0x0000000000000000, R13=0x00007f96dfa2d000, R14=0x0000000000000000, R15=0x0000000000000000
RIP=0x0000000103324db8, EFLAGS=0x0000000000010202, ERR=0x0000000000000004
  TRAPNO=0x000000000000000e

Top of Stack: (sp=0x0000700007df4710)
0x0000700007df4710:   00007f968d53c000 00007f96dfa2d000
0x0000700007df4720:   00007f96dd76bd18 00007f960000009f
0x0000700007df4730:   00000001035da7ac 00007f96dfa2d000
0x0000700007df4740:   00007f96dfa2d000 00007f96dfa2d1f8
0x0000700007df4750:   0000000000000000 000000011c142fb8
0x0000700007df4760:   0000700007df4838 0000000000000000
0x0000700007df4770:   0000700007df47b0 000000011abdb1fb
0x0000700007df4780:   00007f968d53c000 00000000040f411f
0x0000700007df4790:   000000011c142fb8 0000000000000000
0x0000700007df47a0:   0000700007df4848 00007f96dfa2d000
0x0000700007df47b0:   0000700007df4818 00000001076e3667
0x0000700007df47c0:   0000700007df4800 00000001030b24ba
0x0000700007df47d0:   0000700007df4818 0000700007df47d8
0x0000700007df47e0:   000000011c142fb8 0000700007df4848
0x0000700007df47f0:   000000011c143958 0000000000000000
0x0000700007df4800:   000000011c142fb8 0000000000000000
0x0000700007df4810:   0000700007df4838 0000700007df4890
0x0000700007df4820:   00000001076d2d00 0000000740f706f0
0x0000700007df4830:   00000001076dcd16 0000000791d219f8
0x0000700007df4840:   00007f96d9fcffc0 0000000791d6baf8
0x0000700007df4850:   0000700007df4850 000000011c1518da
0x0000700007df4860:   0000700007df48a8 000000011c162c28
0x0000700007df4870:   000000011c1f1dd0 000000011c151910
0x0000700007df4880:   0000700007df4838 0000700007df48a8
0x0000700007df4890:   0000700007df48f0 00000001076d3040
0x0000700007df48a0:   0000000791d219f8 00000007857af158
0x0000700007df48b0:   0000700007df48b0 000000011c14cec4
0x0000700007df48c0:   0000700007df4900 000000011c14d080
0x0000700007df48d0:   000000011c1f1c78 000000011c14cee0
0x0000700007df48e0:   0000700007df48a8 0000700007df4900
0x0000700007df48f0:   0000700007df4948 00000001076d3040
0x0000700007df4900:   00000007857af148 0000700007df4908 

Instructions: (pc=0x0000000103324db8)
0x0000000103324d98:   00 4c 89 e7 4d 63 e6 48 63 cb 4c 89 fe 4c 89 e2
0x0000000103324da8:   4c 8b 45 a0 90 0f 1f 40 00 89 d8 44 09 f0 78 3d
0x0000000103324db8:   49 8b 07 48 8d 0d 52 d1 5c 00 8a 11 84 d2 0f 94
0x0000000103324dc8:   c1 0f b6 c9 8b 4c 88 0c 29 d9 44 39 f1 7c 1e 85 

Register to memory mapping:

RAX=0x00000000040f411f is an unknown value
RBX=0x00000000040f411f is an unknown value
RCX=0x00000000040f411f is an unknown value
RDX=0x0000000000000000 is an unknown value
RSP=0x0000700007df4710 is pointing into the stack for thread: 0x00007f96dfa2d000
RBP=0x0000700007df4770 is pointing into the stack for thread: 0x00007f96dfa2d000
RSI=0x0000000000000000 is an unknown value
RDI=0x00007f96dfa2d1f8 is an unknown value
R8 =0x00007f968d53c000 is an unknown value
R9 =0x0000700007df45b8 is pointing into the stack for thread: 0x00007f96dfa2d000
R10=0x00000001035ef0bd: _ZL24decode_instructions_name+0xa2d in /Library/Internet Plug-Ins/JavaAppletPlugin.plugin/Contents/Home/lib/server/libjvm.dylib at 0x0000000103000000
R11=0x00007f95d6a201f6 is an unknown value
R12=0x0000000000000000 is an unknown value
R13=0x00007f96dfa2d000 is a thread
R14=0x0000000000000000 is an unknown value
R15=0x0000000000000000 is an unknown value


Stack: [0x0000700007cf5000,0x0000700007df5000],  sp=0x0000700007df4710,  free space=1021k
Native frames: (J=compiled Java code, j=interpreted, Vv=VM code, C=native code)
V  [libjvm.dylib+0x324db8]
C  [libxgboost4j_minimal5826196484567233031.dylib+0x51fb]  Java_ml_dmlc_xgboost4j_java_XGBoostJNI_XGBoosterGetModelRaw+0x6b
j  ml.dmlc.xgboost4j.java.XGBoostJNI.XGBoosterGetModelRaw(J[[B)I+0
j  ml.dmlc.xgboost4j.java.Booster.toByteArray()[B+10
j  ml.dmlc.xgboost4j.java.BoosterWrapper.toByteArray()[B+4
j  hex.tree.xgboost.task.XGBoostUpdater$SerializeBooster.call()[B+7
j  hex.tree.xgboost.task.XGBoostUpdater$SerializeBooster.call()Ljava/lang/Object;+1
j  hex.tree.xgboost.task.XGBoostUpdater.run()V+25
v  ~StubRoutines::call_stub
V  [libjvm.dylib+0x2f0d1e]
V  [libjvm.dylib+0x2f14c2]
V  [libjvm.dylib+0x2f166e]
V  [libjvm.dylib+0x34bf5d]
V  [libjvm.dylib+0x570b93]
V  [libjvm.dylib+0x57228e]
V  [libjvm.dylib+0x48f30a]
C  [libsystem_pthread.dylib+0x6950]  _pthread_start+0xe0
C  [libsystem_pthread.dylib+0x247b]  thread_start+0xf
C  0x0000000000000000

Java frames: (J=compiled Java code, j=interpreted, Vv=VM code)
j  ml.dmlc.xgboost4j.java.XGBoostJNI.XGBoosterGetModelRaw(J[[B)I+0
j  ml.dmlc.xgboost4j.java.Booster.toByteArray()[B+10
j  ml.dmlc.xgboost4j.java.BoosterWrapper.toByteArray()[B+4
j  hex.tree.xgboost.task.XGBoostUpdater$SerializeBooster.call()[B+7
j  hex.tree.xgboost.task.XGBoostUpdater$SerializeBooster.call()Ljava/lang/Object;+1
j  hex.tree.xgboost.task.XGBoostUpdater.run()V+25
v  ~StubRoutines::call_stub

---------------  P R O C E S S  ---------------

Java Threads: ( => current thread )
  0x00007f96db065800 JavaThread "XGBoostUpdater-XGBoost_model_1618987135540_7" daemon [_thread_in_vm, id=28947, stack(0x0000700007efb000,0x0000700007ffb000)]
  0x00007f96db2b6000 JavaThread "XGBoostUpdater-XGBoost_model_1618987135540_6" daemon [_thread_blocked, id=36115, stack(0x0000700007df8000,0x0000700007ef8000)]
=>0x00007f96dfa2d000 JavaThread "XGBoostUpdater-XGBoost_model_1618987135540_5" daemon [_thread_in_vm, id=28683, stack(0x0000700007cf5000,0x0000700007df5000)]
  0x00007f968732d800 JavaThread "FJ-2-13" daemon [_thread_blocked, id=36371, stack(0x0000700007bf2000,0x0000700007cf2000)]
  0x00007f96da3f3800 JavaThread "FJ-2-31" daemon [_thread_blocked, id=28179, stack(0x0000700007aef000,0x0000700007bef000)]
  0x00007f96db0fe000 JavaThread "FJ-3-1" daemon [_thread_blocked, id=24855, stack(0x00007000075e0000,0x00007000076e0000)]
  0x00007f968732c000 JavaThread "FJ-2-17" daemon [_thread_blocked, id=25119, stack(0x00007000073da000,0x00007000074da000)]
  0x00007f96db163800 JavaThread "FJ-1-5" daemon [_thread_blocked, id=37919, stack(0x00007000072d7000,0x00007000073d7000)]
  0x00007f96daa1a000 JavaThread "FJ-116-7" daemon [_thread_blocked, id=19223, stack(0x00007000071d4000,0x00007000072d4000)]
  0x00007f96db434800 JavaThread "FJ-1-7" daemon [_thread_blocked, id=38931, stack(0x00007000070d1000,0x00007000071d1000)]
  0x00007f96da3a3000 JavaThread "FJ-2-3" daemon [_thread_blocked, id=39431, stack(0x00007000076e3000,0x00007000077e3000)]
  0x00007f96db285000 JavaThread "FJ-117-3" daemon [_thread_blocked, id=33795, stack(0x0000700008a1c000,0x0000700008b1c000)]
  0x00007f96db841800 JavaThread "FJ-4-7" daemon [_thread_blocked, id=37635, stack(0x00007000078e9000,0x00007000079e9000)]
  0x00007f96dab39800 JavaThread "DestroyJavaVM" [_thread_blocked, id=3587, stack(0x0000700005377000,0x0000700005477000)]
  0x00007f96da29c000 JavaThread "ClientDisconnectCheckThread" daemon [_thread_blocked, id=40451, stack(0x0000700006fce000,0x00007000070ce000)]
  0x00007f96daaa0000 JavaThread "Heartbeat" daemon [_thread_blocked, id=40707, stack(0x0000700006ecb000,0x0000700006fcb000)]
  0x00007f96daaa1800 JavaThread "TCP-Accept" [_thread_in_native, id=41219, stack(0x0000700006dc8000,0x0000700006ec8000)]
  0x00007f96daaa0800 JavaThread "MemCleaner" daemon [_thread_in_vm, id=23299, stack(0x0000700006cc5000,0x0000700006dc5000)]
  0x00007f96daa8e000 JavaThread "Multi-UDP-R" [_thread_in_native, id=41987, stack(0x0000700006bc2000,0x0000700006cc2000)]
  0x00007f96db171000 JavaThread "Scheduler-717386707" [_thread_blocked, id=42243, stack(0x0000700006abf000,0x0000700006bbf000)]
  0x00007f96db202800 JavaThread "qtp1196765369-17" [_thread_blocked, id=22787, stack(0x00007000069bc000,0x0000700006abc000)]
  0x00007f96db202000 JavaThread "qtp1196765369-16" [_thread_blocked, id=22275, stack(0x00007000068b9000,0x00007000069b9000)]
  0x00007f96db17f000 JavaThread "qtp1196765369-15" [_thread_in_native, id=43011, stack(0x00007000067b6000,0x00007000068b6000)]
  0x00007f96db17e800 JavaThread "qtp1196765369-14" [_thread_blocked, id=43267, stack(0x00007000066b3000,0x00007000067b3000)]
  0x00007f96db17d800 JavaThread "qtp1196765369-13" [_thread_blocked, id=15875, stack(0x00007000065b0000,0x00007000066b0000)]
  0x00007f96db17d000 JavaThread "qtp1196765369-12-acceptor-0@6c3e38b7-ServerConnector@62f9db40{HTTP/1.1,[http/1.1]}{localhost:54321}" [_thread_in_native, id=16387, stack(0x00007000064ad000,0x00007000065ad000)]
  0x00007f96db17c000 JavaThread "qtp1196765369-11" [_thread_in_native, id=15619, stack(0x00007000063aa000,0x00007000064aa000)]
  0x00007f96daa47800 JavaThread "qtp1196765369-10" [_thread_in_Java, id=16899, stack(0x00007000062a7000,0x00007000063a7000)]
  0x00007f96db039000 JavaThread "Service Thread" daemon [_thread_blocked, id=14339, stack(0x00007000060a1000,0x00007000061a1000)]
  0x00007f96db02e800 JavaThread "C1 CompilerThread2" daemon [_thread_blocked, id=17155, stack(0x0000700005f9e000,0x000070000609e000)]
  0x00007f96db01f800 JavaThread "C2 CompilerThread1" daemon [_thread_blocked, id=13571, stack(0x0000700005e9b000,0x0000700005f9b000)]
  0x00007f96db01e800 JavaThread "C2 CompilerThread0" daemon [_thread_blocked, id=13315, stack(0x0000700005d98000,0x0000700005e98000)]
  0x00007f96da81d800 JavaThread "Signal Dispatcher" daemon [_thread_blocked, id=12803, stack(0x0000700005c95000,0x0000700005d95000)]
  0x00007f96db01c800 JavaThread "Finalizer" daemon [_thread_blocked, id=20739, stack(0x0000700005a8c000,0x0000700005b8c000)]
  0x00007f96da818800 JavaThread "Reference Handler" daemon [_thread_blocked, id=11267, stack(0x0000700005989000,0x0000700005a89000)]

Other Threads:
  0x00007f96da811800 VMThread [stack: 0x0000700005886000,0x0000700005986000] [id=11011]
  0x00007f96db044000 WatcherThread [stack: 0x00007000061a4000,0x00007000062a4000] [id=14851]

VM state:synchronizing (normal execution)

VM Mutex/Monitor currently owned by a thread:  ([mutex/lock_event])
[0x00007f96d9c139d0] Safepoint_lock - owner thread: 0x00007f96da811800
[0x00007f96d9c13a50] Threads_lock - owner thread: 0x00007f96da811800
[0x00007f96d9c13f50] Heap_lock - owner thread: 0x00007f96da3f3800

OutOfMemory and StackOverflow Exception counts:
OutOfMemoryError java_heap_errors=9

heap address: 0x0000000740000000, size: 2048 MB, Compressed Oops mode: Zero based, Oop shift amount: 3
Narrow klass base: 0x0000000000000000, Narrow klass shift: 3
Compressed class space size: 1073741824 Address: 0x00000007c0000000

Heap:
 PSYoungGen      total 465920K, used 232959K [0x0000000795580000, 0x00000007c0000000, 0x00000007c0000000)
  eden space 232960K, 99% used [0x0000000795580000,0x00000007a38ffff8,0x00000007a3900000)
  from space 232960K, 0% used [0x00000007b1c80000,0x00000007b1c80000,0x00000007c0000000)
  to   space 232960K, 0% used [0x00000007a3900000,0x00000007a3900000,0x00000007b1c80000)
 ParOldGen       total 1398272K, used 1340566K [0x0000000740000000, 0x0000000795580000, 0x0000000795580000)
  object space 1398272K, 95% used [0x0000000740000000,0x0000000791d259a0,0x0000000795580000)
 Metaspace       used 32218K, capacity 32633K, committed 32896K, reserved 1079296K
  class space    used 3782K, capacity 3913K, committed 3968K, reserved 1048576K

Card table byte_map: [0x0000000104379000,0x000000010477a000] byte_map_base: 0x0000000100979000

Marking Bits: (ParMarkBitMap*) 0x00000001038fbe40
 Begin Bits: [0x00000001166cb000, 0x00000001186cb000)
 End Bits:   [0x00000001186cb000, 0x000000011a6cb000)

Polling page: 0x0000000100e62000

CodeCache: size=245760Kb used=20017Kb max_used=20311Kb free=225742Kb
 bounds [0x00000001076cb000, 0x0000000108acb000, 0x00000001166cb000]
 total_blobs=5645 nmethods=5069 adapters=489
 compilation: enabled

Compilation events (10 events):
Event: 1821.190 Thread 0x00007f96db02e800 6591   !   3       java.util.AbstractSet::equals (48 bytes)
Event: 1821.191 Thread 0x00007f96db02e800 nmethod 6591 0x000000010853ed50 code [0x000000010853ef00, 0x000000010853f5e8]
Event: 1821.191 Thread 0x00007f96db02e800 6592       3       java.lang.management.MemoryUsage::getUsed (5 bytes)
Event: 1821.191 Thread 0x00007f96db02e800 nmethod 6592 0x0000000107f94e50 code [0x0000000107f94fa0, 0x0000000107f950f0]
Event: 1825.865 Thread 0x00007f96db01f800 6593       4       java.util.concurrent.CopyOnWriteArrayList$COWIterator::<init> (7 bytes)
Event: 1825.866 Thread 0x00007f96db01f800 nmethod 6593 0x00000001082133d0 code [0x0000000108213520, 0x0000000108213598]
Event: 1827.959 Thread 0x00007f96db02e800 6594   !   3       sun.management.Util::newObjectName (15 bytes)
Event: 1827.960 Thread 0x00007f96db02e800 nmethod 6594 0x0000000107d99d50 code [0x0000000107d99ee0, 0x0000000107d9a298]
Event: 1827.960 Thread 0x00007f96db02e800 6595       3       javax.management.ObjectName::getInstance (9 bytes)
Event: 1827.960 Thread 0x00007f96db02e800 nmethod 6595 0x0000000108183990 code [0x0000000108183b00, 0x0000000108183d88]

GC Heap History (10 events):
Event: 1873.370 GC heap before
{Heap before GC invocations=722 (full 590):
 PSYoungGen      total 465920K, used 232959K [0x0000000795580000, 0x00000007c0000000, 0x00000007c0000000)
  eden space 232960K, 99% used [0x0000000795580000,0x00000007a38ffff0,0x00000007a3900000)
  from space 232960K, 0% used [0x00000007b1c80000,0x00000007b1c80000,0x00000007c0000000)
  to   space 232960K, 0% used [0x00000007a3900000,0x00000007a3900000,0x00000007b1c80000)
 ParOldGen       total 1398272K, used 1340848K [0x0000000740000000, 0x0000000795580000, 0x0000000795580000)
  object space 1398272K, 95% used [0x0000000740000000,0x0000000791d6c150,0x0000000795580000)
 Metaspace       used 32234K, capacity 32657K, committed 32896K, reserved 1079296K
  class space    used 3784K, capacity 3917K, committed 3968K, reserved 1048576K
Event: 1873.496 GC heap after
Heap after GC invocations=722 (full 590):
 PSYoungGen      total 465920K, used 232959K [0x0000000795580000, 0x00000007c0000000, 0x00000007c0000000)
  eden space 232960K, 99% used [0x0000000795580000,0x00000007a38ffff0,0x00000007a3900000)
  from space 232960K, 0% used [0x00000007b1c80000,0x00000007b1c80000,0x00000007c0000000)
  to   space 232960K, 0% used [0x00000007a3900000,0x00000007a3900000,0x00000007b1c80000)
 ParOldGen       total 1398272K, used 1340848K [0x0000000740000000, 0x0000000795580000, 0x0000000795580000)
  object space 1398272K, 95% used [0x0000000740000000,0x0000000791d6c150,0x0000000795580000)
 Metaspace       used 32234K, capacity 32657K, committed 32896K, reserved 1079296K
  class space    used 3784K, capacity 3917K, committed 3968K, reserved 1048576K
}
Event: 1873.496 GC heap before
{Heap before GC invocations=723 (full 591):
 PSYoungGen      total 465920K, used 232959K [0x0000000795580000, 0x00000007c0000000, 0x00000007c0000000)
  eden space 232960K, 99% used [0x0000000795580000,0x00000007a38ffff0,0x00000007a3900000)
  from space 232960K, 0% used [0x00000007b1c80000,0x00000007b1c80000,0x00000007c0000000)
  to   space 232960K, 0% used [0x00000007a3900000,0x00000007a3900000,0x00000007b1c80000)
 ParOldGen       total 1398272K, used 1340859K [0x0000000740000000, 0x0000000795580000, 0x0000000795580000)
  object space 1398272K, 95% used [0x0000000740000000,0x0000000791d6ecc8,0x0000000795580000)
 Metaspace       used 32234K, capacity 32657K, committed 32896K, reserved 1079296K
  class space    used 3784K, capacity 3917K, committed 3968K, reserved 1048576K
Event: 1873.620 GC heap after
Heap after GC invocations=723 (full 591):
 PSYoungGen      total 465920K, used 232959K [0x0000000795580000, 0x00000007c0000000, 0x00000007c0000000)
  eden space 232960K, 99% used [0x0000000795580000,0x00000007a38fff90,0x00000007a3900000)
  from space 232960K, 0% used [0x00000007b1c80000,0x00000007b1c80000,0x00000007c0000000)
  to   space 232960K, 0% used [0x00000007a3900000,0x00000007a3900000,0x00000007b1c80000)
 ParOldGen       total 1398272K, used 1340858K [0x0000000740000000, 0x0000000795580000, 0x0000000795580000)
  object space 1398272K, 95% used [0x0000000740000000,0x0000000791d6ea78,0x0000000795580000)
 Metaspace       used 32234K, capacity 32657K, committed 32896K, reserved 1079296K
  class space    used 3784K, capacity 3917K, committed 3968K, reserved 1048576K
}
Event: 1873.620 GC heap before
{Heap before GC invocations=724 (full 592):
 PSYoungGen      total 465920K, used 232959K [0x0000000795580000, 0x00000007c0000000, 0x00000007c0000000)
  eden space 232960K, 99% used [0x0000000795580000,0x00000007a38fffd8,0x00000007a3900000)
  from space 232960K, 0% used [0x00000007b1c80000,0x00000007b1c80000,0x00000007c0000000)
  to   space 232960K, 0% used [0x00000007a3900000,0x00000007a3900000,0x00000007b1c80000)
 ParOldGen       total 1398272K, used 1340858K [0x0000000740000000, 0x0000000795580000, 0x0000000795580000)
  object space 1398272K, 95% used [0x0000000740000000,0x0000000791d6ea78,0x0000000795580000)
 Metaspace       used 32234K, capacity 32657K, committed 32896K, reserved 1079296K
  class space    used 3784K, capacity 3917K, committed 3968K, reserved 1048576K
Event: 1873.744 GC heap after
Heap after GC invocations=724 (full 592):
 PSYoungGen      total 465920K, used 232959K [0x0000000795580000, 0x00000007c0000000, 0x00000007c0000000)
  eden space 232960K, 99% used [0x0000000795580000,0x00000007a38fffd8,0x00000007a3900000)
  from space 232960K, 0% used [0x00000007b1c80000,0x00000007b1c80000,0x00000007c0000000)
  to   space 232960K, 0% used [0x00000007a3900000,0x00000007a3900000,0x00000007b1c80000)
 ParOldGen       total 1398272K, used 1340858K [0x0000000740000000, 0x0000000795580000, 0x0000000795580000)
  object space 1398272K, 95% used [0x0000000740000000,0x0000000791d6ea78,0x0000000795580000)
 Metaspace       used 32234K, capacity 32657K, committed 32896K, reserved 1079296K
  class space    used 3784K, capacity 3917K, committed 3968K, reserved 1048576K
}
Event: 1873.744 GC heap before
{Heap before GC invocations=725 (full 593):
 PSYoungGen      total 465920K, used 232959K [0x0000000795580000, 0x00000007c0000000, 0x00000007c0000000)
  eden space 232960K, 99% used [0x0000000795580000,0x00000007a38ffff8,0x00000007a3900000)
  from space 232960K, 0% used [0x00000007b1c80000,0x00000007b1c80000,0x00000007c0000000)
  to   space 232960K, 0% used [0x00000007a3900000,0x00000007a3900000,0x00000007b1c80000)
 ParOldGen       total 1398272K, used 1340858K [0x0000000740000000, 0x0000000795580000, 0x0000000795580000)
  object space 1398272K, 95% used [0x0000000740000000,0x0000000791d6eb98,0x0000000795580000)
 Metaspace       used 32234K, capacity 32657K, committed 32896K, reserved 1079296K
  class space    used 3784K, capacity 3917K, committed 3968K, reserved 1048576K
Event: 1873.876 GC heap after
Heap after GC invocations=725 (full 593):
 PSYoungGen      total 465920K, used 232959K [0x0000000795580000, 0x00000007c0000000, 0x00000007c0000000)
  eden space 232960K, 99% used [0x0000000795580000,0x00000007a38ffff8,0x00000007a3900000)
  from space 232960K, 0% used [0x00000007b1c80000,0x00000007b1c80000,0x00000007c0000000)
  to   space 232960K, 0% used [0x00000007a3900000,0x00000007a3900000,0x00000007b1c80000)
 ParOldGen       total 1398272K, used 1340858K [0x0000000740000000, 0x0000000795580000, 0x0000000795580000)
  object space 1398272K, 95% used [0x0000000740000000,0x0000000791d6eb98,0x0000000795580000)
 Metaspace       used 32234K, capacity 32657K, committed 32896K, reserved 1079296K
  class space    used 3784K, capacity 3917K, committed 3968K, reserved 1048576K
}
Event: 1873.876 GC heap before
{Heap before GC invocations=726 (full 594):
 PSYoungGen      total 465920K, used 232959K [0x0000000795580000, 0x00000007c0000000, 0x00000007c0000000)
  eden space 232960K, 99% used [0x0000000795580000,0x00000007a38ffff8,0x00000007a3900000)
  from space 232960K, 0% used [0x00000007b1c80000,0x00000007b1c80000,0x00000007c0000000)
  to   space 232960K, 0% used [0x00000007a3900000,0x00000007a3900000,0x00000007b1c80000)
 ParOldGen       total 1398272K, used 1340858K [0x0000000740000000, 0x0000000795580000, 0x0000000795580000)
  object space 1398272K, 95% used [0x0000000740000000,0x0000000791d6eb98,0x0000000795580000)
 Metaspace       used 32234K, capacity 32657K, committed 32896K, reserved 1079296K
  class space    used 3784K, capacity 3917K, committed 3968K, reserved 1048576K
Event: 1874.010 GC heap after
Heap after GC invocations=726 (full 594):
 PSYoungGen      total 465920K, used 232959K [0x0000000795580000, 0x00000007c0000000, 0x00000007c0000000)
  eden space 232960K, 99% used [0x0000000795580000,0x00000007a38ffff8,0x00000007a3900000)
  from space 232960K, 0% used [0x00000007b1c80000,0x00000007b1c80000,0x00000007c0000000)
  to   space 232960K, 0% used [0x00000007a3900000,0x00000007a3900000,0x00000007b1c80000)
 ParOldGen       total 1398272K, used 1340563K [0x0000000740000000, 0x0000000795580000, 0x0000000795580000)
  object space 1398272K, 95% used [0x0000000740000000,0x0000000791d24f58,0x0000000795580000)
 Metaspace       used 32218K, capacity 32633K, committed 32896K, reserved 1079296K
  class space    used 3782K, capacity 3913K, committed 3968K, reserved 1048576K
}

Deoptimization events (10 events):
Event: 1747.407 Thread 0x00007f96da3f3800 Uncommon trap: reason=predicate action=maybe_recompile pc=0x0000000108ab4e88 method=java.util.Arrays.fill([Ljava/lang/Object;IILjava/lang/Object;)V @ 16
Event: 1770.056 Thread 0x00007f96daaa0800 Uncommon trap: reason=null_check action=make_not_entrant pc=0x0000000108065108 method=water.Cleaner$Histo.<init>(J)V @ 135
Event: 1770.180 Thread 0x00007f96daaa0800 Uncommon trap: reason=unstable_if action=reinterpret pc=0x0000000107eedab8 method=water.nbhm.NonBlockingHashMap$SnapshotV.<init>(Lwater/nbhm/NonBlockingHashMap;)V @ 23
Event: 1770.180 Thread 0x00007f968732c000 Uncommon trap: reason=unstable_if action=reinterpret pc=0x00000001084de8cc method=water.nbhm.NonBlockingHashMap.keyeq(Ljava/lang/Object;Ljava/lang/Object;[III)Z @ 23
Event: 1770.180 Thread 0x00007f968732c000 Uncommon trap: reason=unstable_if action=reinterpret pc=0x0000000107be30c4 method=water.nbhm.NonBlockingHashMap.keyeq(Ljava/lang/Object;Ljava/lang/Object;[III)Z @ 23
Event: 1775.599 Thread 0x00007f968732d800 Uncommon trap: reason=array_check action=maybe_recompile pc=0x00000001077dea4c method=java.util.Arrays.fill([Ljava/lang/Object;IILjava/lang/Object;)V @ 20
Event: 1775.599 Thread 0x00007f968732d800 Uncommon trap: reason=array_check action=maybe_recompile pc=0x00000001077dea4c method=java.util.Arrays.fill([Ljava/lang/Object;IILjava/lang/Object;)V @ 20
Event: 1775.890 Thread 0x00007f968732c000 Uncommon trap: reason=array_check action=maybe_recompile pc=0x00000001077dea4c method=java.util.Arrays.fill([Ljava/lang/Object;IILjava/lang/Object;)V @ 20
Event: 1775.890 Thread 0x00007f968732c000 Uncommon trap: reason=array_check action=maybe_recompile pc=0x00000001077dea4c method=java.util.Arrays.fill([Ljava/lang/Object;IILjava/lang/Object;)V @ 20
Event: 1803.876 Thread 0x00007f96db0fe000 Uncommon trap: reason=unstable_if action=reinterpret pc=0x00000001084a503c method=jsr166y.ForkJoinPool.scan(Ljsr166y/ForkJoinPool$WorkQueue;)Ljsr166y/ForkJoinTask; @ 470

Classes redefined (0 events):
No events

Internal exceptions (10 events):
Event: 978.675 Thread 0x00007f96db202800 Exception <a 'java/lang/IllegalMonitorStateException'> (0x00000007959f9a78) thrown at [/Users/java_re/workspace/8-2-build-macosx-x86_64/jdk8u212/12974/hotspot/src/share/vm/runtime/objectMonitor.cpp, line 1699]
Event: 978.675 Thread 0x00007f96db202800 Exception <a 'java/lang/reflect/InvocationTargetException'> (0x00000007959f9e68) thrown at [/Users/java_re/workspace/8-2-build-macosx-x86_64/jdk8u212/12974/hotspot/src/share/vm/runtime/reflection.cpp, line 1092]
Event: 978.675 Thread 0x00007f96db202800 Exception <a 'java/lang/IllegalMonitorStateException'> (0x00000007959fa270) thrown at [/Users/java_re/workspace/8-2-build-macosx-x86_64/jdk8u212/12974/hotspot/src/share/vm/runtime/objectMonitor.cpp, line 1818]
Event: 978.675 Thread 0x00007f96db202800 Exception <a 'java/lang/reflect/InvocationTargetException'> (0x00000007959fa690) thrown at [/Users/java_re/workspace/8-2-build-macosx-x86_64/jdk8u212/12974/hotspot/src/share/vm/runtime/reflection.cpp, line 1092]
Event: 1061.377 Thread 0x00007f96db858000 Implicit null exception at 0x000000010822a585 to 0x000000010822a6d6
Event: 1650.896 Thread 0x00007f96da3f3800 Implicit null exception at 0x0000000108137228 to 0x00000001081376cd
Event: 1708.795 Thread 0x00007f96daaa0800 Implicit null exception at 0x0000000108a38579 to 0x0000000108a45841
Event: 1739.655 Thread 0x00007f968732d800 Implicit null exception at 0x000000010894e0e8 to 0x000000010894e9d5
Event: 1770.056 Thread 0x00007f96daaa0800 Implicit null exception at 0x0000000108064c1f to 0x00000001080650c1
Event: 1874.010 Thread 0x00007f96dfa2d000 Exception <a 'java/lang/OutOfMemoryError'> (0x000000074001b0c0) thrown at [/Users/java_re/workspace/8-2-build-macosx-x86_64/jdk8u212/12974/hotspot/src/share/vm/gc_interface/collectedHeap.inline.hpp, line 159]

Events (10 events):
Event: 1873.249 Executing VM operation: ParallelGCFailedAllocation
Event: 1873.370 Executing VM operation: ParallelGCFailedAllocation done
Event: 1873.370 Executing VM operation: ParallelGCFailedAllocation
Event: 1873.496 Executing VM operation: ParallelGCFailedAllocation done
Event: 1873.496 Executing VM operation: ParallelGCFailedAllocation
Event: 1873.620 Executing VM operation: ParallelGCFailedAllocation done
Event: 1873.620 Executing VM operation: ParallelGCFailedAllocation
Event: 1873.744 Executing VM operation: ParallelGCFailedAllocation done
Event: 1873.744 Executing VM operation: ParallelGCFailedAllocation
Event: 1874.010 Executing VM operation: ParallelGCFailedAllocation done


Dynamic libraries:
0x00007fff352a3000 	/System/Library/Frameworks/Cocoa.framework/Versions/A/Cocoa
0x00007fff224c8000 	/System/Library/Frameworks/Security.framework/Versions/A/Security
0x00007fff334a0000 	/System/Library/Frameworks/ApplicationServices.framework/Versions/A/ApplicationServices
0x00007fff2a751000 	/usr/lib/libz.1.dylib
0x00007fff2a819000 	/usr/lib/libSystem.B.dylib
0x00007fff204ae000 	/usr/lib/libobjc.A.dylib
0x00007fff2068e000 	/System/Library/Frameworks/CoreFoundation.framework/Versions/A/CoreFoundation
0x00007fff2143b000 	/System/Library/Frameworks/Foundation.framework/Versions/C/Foundation
0x00007fff22eef000 	/System/Library/Frameworks/AppKit.framework/Versions/C/AppKit
0x00007fff25d87000 	/System/Library/Frameworks/CoreData.framework/Versions/A/CoreData
0x00007fff23c52000 	/System/Library/PrivateFrameworks/UIFoundation.framework/Versions/A/UIFoundation
0x00007fff2fe7f000 	/System/Library/PrivateFrameworks/RemoteViewServices.framework/Versions/A/RemoteViewServices
0x00007fff28c78000 	/System/Library/PrivateFrameworks/XCTTargetBootstrap.framework/Versions/A/XCTTargetBootstrap
0x00007fff2b959000 	/usr/lib/libspindump.dylib
0x00007fff23ea7000 	/System/Library/Frameworks/UniformTypeIdentifiers.framework/Versions/A/UniformTypeIdentifiers
0x00007fff2744e000 	/usr/lib/libapp_launch_measurement.dylib
0x00007fff27451000 	/System/Library/PrivateFrameworks/CoreAutoLayout.framework/Versions/A/CoreAutoLayout
0x00007fff285da000 	/System/Library/Frameworks/Metal.framework/Versions/A/Metal
0x00007fff292ca000 	/usr/lib/liblangid.dylib
0x00007fff28c7c000 	/System/Library/PrivateFrameworks/CoreSVG.framework/Versions/A/CoreSVG
0x00007fff24e8e000 	/System/Library/PrivateFrameworks/SkyLight.framework/Versions/A/SkyLight
0x00007fff251f5000 	/System/Library/Frameworks/CoreGraphics.framework/Versions/A/CoreGraphics
0x00007fff304d6000 	/System/Library/Frameworks/Accelerate.framework/Versions/A/Accelerate
0x00007fff2b394000 	/System/Library/PrivateFrameworks/IconServices.framework/Versions/A/IconServices
0x00007fff285bf000 	/System/Library/Frameworks/IOSurface.framework/Versions/A/IOSurface
0x00007fff26710000 	/usr/lib/libDiagnosticMessagesClient.dylib
0x00007fff28c64000 	/System/Library/PrivateFrameworks/DFRFoundation.framework/Versions/A/DFRFoundation
0x00007fff2281a000 	/usr/lib/libicucore.A.dylib
0x00007fff2cea0000 	/System/Library/Frameworks/AudioToolbox.framework/Versions/A/AudioToolbox
0x00007fff2c145000 	/System/Library/PrivateFrameworks/DataDetectorsCore.framework/Versions/A/DataDetectorsCore
0x00007fff28964000 	/System/Library/Frameworks/Carbon.framework/Versions/A/Frameworks/HIToolbox.framework/Versions/A/HIToolbox
0x00007fff26ea9000 	/System/Library/Frameworks/QuartzCore.framework/Versions/A/QuartzCore
0x00007fff2febb000 	/System/Library/Frameworks/Carbon.framework/Versions/A/Frameworks/SpeechRecognition.framework/Versions/A/SpeechRecognition
0x00007fff271b6000 	/System/Library/PrivateFrameworks/CoreUI.framework/Versions/A/CoreUI
0x00007fff21e23000 	/System/Library/Frameworks/CoreAudio.framework/Versions/A/CoreAudio
0x00007fff267fb000 	/System/Library/Frameworks/DiskArbitration.framework/Versions/A/DiskArbitration
0x00007fff2bd54000 	/System/Library/PrivateFrameworks/MultitouchSupport.framework/Versions/A/MultitouchSupport
0x00007fff2c13c000 	/System/Library/PrivateFrameworks/InternationalSupport.framework/Versions/A/InternationalSupport
0x00007fff24e02000 	/usr/lib/libenergytrace.dylib
0x00007fff22de8000 	/System/Library/Frameworks/IOKit.framework/Versions/A/IOKit
0x00007fff30208000 	/System/Library/Frameworks/CoreServices.framework/Versions/A/CoreServices
0x00007fff273e4000 	/System/Library/PrivateFrameworks/PerformanceAnalysis.framework/Versions/A/PerformanceAnalysis
0x00007fff6cb72000 	/System/Library/Frameworks/OpenGL.framework/Versions/A/OpenGL
0x00007fff2c1c1000 	/System/Library/PrivateFrameworks/UserActivity.framework/Versions/A/UserActivity
0x00007fff25889000 	/System/Library/Frameworks/ColorSync.framework/Versions/A/ColorSync
0x00007fff28ee1000 	/System/Library/Frameworks/CoreImage.framework/Versions/A/CoreImage
0x00007fff21c3a000 	/System/Library/Frameworks/CoreText.framework/Versions/A/CoreText
0x00007fff28ca6000 	/System/Library/Frameworks/ImageIO.framework/Versions/A/ImageIO
0x00007fff2a81f000 	/System/Library/PrivateFrameworks/SoftLinking.framework/Versions/A/SoftLinking
0x00007fff2749a000 	/usr/lib/libxml2.2.dylib
0x00007fff20573000 	/usr/lib/libc++.1.dylib
0x00007fff2aa91000 	/usr/lib/libcompression.dylib
0x00007fff24e03000 	/usr/lib/libMobileGestalt.dylib
0x00007fff2c06f000 	/System/Library/PrivateFrameworks/TextureIO.framework/Versions/A/TextureIO
0x00007fff2b0b7000 	/usr/lib/libate.dylib
0x00007fff2a813000 	/usr/lib/system/libcache.dylib
0x00007fff2a7cf000 	/usr/lib/system/libcommonCrypto.dylib
0x00007fff2a7f9000 	/usr/lib/system/libcompiler_rt.dylib
0x00007fff2a7ee000 	/usr/lib/system/libcopyfile.dylib
0x00007fff2039c000 	/usr/lib/system/libcorecrypto.dylib
0x00007fff20469000 	/usr/lib/system/libdispatch.dylib
0x00007fff2061d000 	/usr/lib/system/libdyld.dylib
0x00007fff2a80a000 	/usr/lib/system/libkeymgr.dylib
0x00007fff2dc52000 	/usr/lib/system/liblaunch.dylib
0x00007fff2a7ad000 	/usr/lib/system/libmacho.dylib
0x00007fff29fc7000 	/usr/lib/system/libquarantine.dylib
0x00007fff2a807000 	/usr/lib/system/libremovefile.dylib
0x00007fff24e5f000 	/usr/lib/system/libsystem_asl.dylib
0x00007fff2034c000 	/usr/lib/system/libsystem_blocks.dylib
0x00007fff204ea000 	/usr/lib/system/libsystem_c.dylib
0x00007fff2a801000 	/usr/lib/system/libsystem_collections.dylib
0x00007fff292bb000 	/usr/lib/system/libsystem_configuration.dylib
0x00007fff285ae000 	/usr/lib/system/libsystem_containermanager.dylib
0x00007fff2a549000 	/usr/lib/system/libsystem_coreservices.dylib
0x00007fff22a7c000 	/usr/lib/system/libsystem_darwin.dylib
0x00007fff2a80b000 	/usr/lib/system/libsystem_dnssd.dylib
0x00007fff204e7000 	/usr/lib/system/libsystem_featureflags.dylib
0x00007fff20662000 	/usr/lib/system/libsystem_info.dylib
0x00007fff2a764000 	/usr/lib/system/libsystem_m.dylib
0x00007fff2043c000 	/usr/lib/system/libsystem_malloc.dylib
0x00007fff24df3000 	/usr/lib/system/libsystem_networkextension.dylib
0x00007fff22e97000 	/usr/lib/system/libsystem_notify.dylib
0x00007fff30106000 	/usr/lib/system/libsystem_product_info_filter.dylib
0x00007fff292bf000 	/usr/lib/system/libsystem_sandbox.dylib
0x00007fff2a804000 	/usr/lib/system/libsystem_secinit.dylib
0x00007fff205e2000 	/usr/lib/system/libsystem_kernel.dylib
0x00007fff20658000 	/usr/lib/system/libsystem_platform.dylib
0x00007fff20611000 	/usr/lib/system/libsystem_pthread.dylib
0x00007fff2655e000 	/usr/lib/system/libsystem_symptoms.dylib
0x00007fff20384000 	/usr/lib/system/libsystem_trace.dylib
0x00007fff2a7db000 	/usr/lib/system/libunwind.dylib
0x00007fff2034e000 	/usr/lib/system/libxpc.dylib
0x00007fff205c9000 	/usr/lib/libc++abi.dylib
0x00007fff2a7e6000 	/usr/lib/liboah.dylib
0x00007fff2ae9c000 	/usr/lib/liblzma.5.dylib
0x00007fff2114f000 	/System/Library/Frameworks/SystemConfiguration.framework/Versions/A/SystemConfiguration
0x00007fff2a81b000 	/usr/lib/libfakelink.dylib
0x00007fff24955000 	/System/Library/Frameworks/CFNetwork.framework/Versions/A/CFNetwork
0x00007fff2a95b000 	/usr/lib/libarchive.2.dylib
0x00007fff211cd000 	/usr/lib/libCRFSuite.dylib
0x00007fff29fee000 	/usr/lib/libbsm.0.dylib
0x00007fff24311000 	/usr/lib/libnetwork.dylib
0x00007fff2a820000 	/usr/lib/libpcap.A.dylib
0x00007fff26557000 	/usr/lib/libdns_services.dylib
0x00007fff2aeb5000 	/usr/lib/libcoretls_cfhelpers.dylib
0x00007fff2aa5f000 	/usr/lib/libapple_nghttp2.dylib
0x00007fff2a7b3000 	/usr/lib/system/libkxld.dylib
0x00007fff261bd000 	/usr/lib/libsqlite3.dylib
0x00007fff2a52b000 	/System/Library/PrivateFrameworks/AppleFSCompression.framework/Versions/A/AppleFSCompression
0x00007fff29fd6000 	/usr/lib/libcoretls.dylib
0x00007fff2aa8c000 	/usr/lib/libpam.2.dylib
0x00007fff2afb2000 	/usr/lib/libxar.1.dylib
0x00007fff292c6000 	/System/Library/PrivateFrameworks/AppleSystemInfo.framework/Versions/A/AppleSystemInfo
0x00007fff29c19000 	/System/Library/PrivateFrameworks/IOMobileFramebuffer.framework/Versions/A/IOMobileFramebuffer
0x00007fff2a53b000 	/usr/lib/libbz2.1.0.dylib
0x00007fff2a858000 	/usr/lib/libiconv.2.dylib
0x00007fff2a7ac000 	/usr/lib/libcharset.1.dylib
0x00007fff27420000 	/System/Library/Frameworks/CoreServices.framework/Versions/A/Frameworks/FSEvents.framework/Versions/A/FSEvents
0x00007fff22a86000 	/System/Library/Frameworks/CoreServices.framework/Versions/A/Frameworks/CarbonCore.framework/Versions/A/CarbonCore
0x00007fff26760000 	/System/Library/Frameworks/CoreServices.framework/Versions/A/Frameworks/Metadata.framework/Versions/A/Metadata
0x00007fff2a54e000 	/System/Library/Frameworks/CoreServices.framework/Versions/A/Frameworks/OSServices.framework/Versions/A/OSServices
0x00007fff2a9cd000 	/System/Library/Frameworks/CoreServices.framework/Versions/A/Frameworks/SearchKit.framework/Versions/A/SearchKit
0x00007fff264e1000 	/System/Library/Frameworks/CoreServices.framework/Versions/A/Frameworks/AE.framework/Versions/A/AE
0x00007fff20b2a000 	/System/Library/Frameworks/CoreServices.framework/Versions/A/Frameworks/LaunchServices.framework/Versions/A/LaunchServices
0x00007fff2ae4d000 	/System/Library/Frameworks/CoreServices.framework/Versions/A/Frameworks/DictionaryServices.framework/Versions/A/DictionaryServices
0x00007fff27429000 	/System/Library/Frameworks/CoreServices.framework/Versions/A/Frameworks/SharedFileList.framework/Versions/A/SharedFileList
0x00007fff29fca000 	/usr/lib/libCheckFix.dylib
0x00007fff24e76000 	/System/Library/PrivateFrameworks/TCC.framework/Versions/A/TCC
0x00007fff292cc000 	/System/Library/PrivateFrameworks/CoreNLP.framework/Versions/A/CoreNLP
0x00007fff26713000 	/System/Library/PrivateFrameworks/MetadataUtilities.framework/Versions/A/MetadataUtilities
0x00007fff21203000 	/usr/lib/libmecabra.dylib
0x00007fff2a2dd000 	/System/Library/Frameworks/MLCompute.framework/Versions/A/MLCompute
0x00007fff29fff000 	/usr/lib/libmecab.dylib
0x00007fff2a049000 	/usr/lib/libgermantok.dylib
0x00007fff2aa35000 	/usr/lib/libThaiTokenizer.dylib
0x00007fff2afed000 	/usr/lib/libChineseTokenizer.dylib
0x00007fff2aa8a000 	/System/Library/Frameworks/MetalPerformanceShaders.framework/Versions/A/MetalPerformanceShaders
0x00007fff26802000 	/System/Library/Frameworks/Accelerate.framework/Versions/A/Frameworks/vImage.framework/Versions/A/vImage
0x00007fff301e1000 	/System/Library/Frameworks/Accelerate.framework/Versions/A/Frameworks/vecLib.framework/Versions/A/vecLib
0x00007fff2aff8000 	/System/Library/Frameworks/Accelerate.framework/Versions/A/Frameworks/vecLib.framework/Versions/A/libvMisc.dylib
0x00007fff29a32000 	/System/Library/Frameworks/Accelerate.framework/Versions/A/Frameworks/vecLib.framework/Versions/A/libvDSP.dylib
0x00007fff20e2e000 	/System/Library/Frameworks/Accelerate.framework/Versions/A/Frameworks/vecLib.framework/Versions/A/libBLAS.dylib
0x00007fff2aab0000 	/System/Library/Frameworks/Accelerate.framework/Versions/A/Frameworks/vecLib.framework/Versions/A/libLAPACK.dylib
0x00007fff2a04f000 	/System/Library/Frameworks/Accelerate.framework/Versions/A/Frameworks/vecLib.framework/Versions/A/libLinearAlgebra.dylib
0x00007fff2aa77000 	/System/Library/Frameworks/Accelerate.framework/Versions/A/Frameworks/vecLib.framework/Versions/A/libSparseBLAS.dylib
0x00007fff2aaaa000 	/System/Library/Frameworks/Accelerate.framework/Versions/A/Frameworks/vecLib.framework/Versions/A/libQuadrature.dylib
0x00007fff29374000 	/System/Library/Frameworks/Accelerate.framework/Versions/A/Frameworks/vecLib.framework/Versions/A/libBNNS.dylib
0x00007fff210e0000 	/System/Library/Frameworks/Accelerate.framework/Versions/A/Frameworks/vecLib.framework/Versions/A/libSparse.dylib
0x00007fff2925f000 	/System/Library/Frameworks/MetalPerformanceShaders.framework/Versions/A/Frameworks/MPSCore.framework/Versions/A/MPSCore
0x00007fff2a49a000 	/System/Library/Frameworks/MetalPerformanceShaders.framework/Versions/A/Frameworks/MPSImage.framework/Versions/A/MPSImage
0x00007fff2a065000 	/System/Library/Frameworks/MetalPerformanceShaders.framework/Versions/A/Frameworks/MPSNeuralNetwork.framework/Versions/A/MPSNeuralNetwork
0x00007fff2a425000 	/System/Library/Frameworks/MetalPerformanceShaders.framework/Versions/A/Frameworks/MPSMatrix.framework/Versions/A/MPSMatrix
0x00007fff2a28d000 	/System/Library/Frameworks/MetalPerformanceShaders.framework/Versions/A/Frameworks/MPSRayIntersector.framework/Versions/A/MPSRayIntersector
0x00007fff2a45c000 	/System/Library/Frameworks/MetalPerformanceShaders.framework/Versions/A/Frameworks/MPSNDArray.framework/Versions/A/MPSNDArray
0x00007fff20d5a000 	/System/Library/PrivateFrameworks/MetalTools.framework/Versions/A/MetalTools
0x00007fff292c4000 	/System/Library/PrivateFrameworks/AggregateDictionary.framework/Versions/A/AggregateDictionary
0x00007fff266eb000 	/System/Library/PrivateFrameworks/CoreAnalytics.framework/Versions/A/CoreAnalytics
0x00007fff2aa37000 	/System/Library/PrivateFrameworks/AppleSauce.framework/Versions/A/AppleSauce
0x00007fff285d1000 	/System/Library/PrivateFrameworks/IOAccelerator.framework/Versions/A/IOAccelerator
0x00007fff6cb66000 	/System/Library/Frameworks/OpenGL.framework/Versions/A/Libraries/libCoreFSCache.dylib
0x00007fff2179f000 	/System/Library/PrivateFrameworks/LanguageModeling.framework/Versions/A/LanguageModeling
0x00007fff29c06000 	/System/Library/PrivateFrameworks/CoreEmoji.framework/Versions/A/CoreEmoji
0x00007fff2936d000 	/System/Library/PrivateFrameworks/LinguisticData.framework/Versions/A/LinguisticData
0x00007fff21092000 	/System/Library/PrivateFrameworks/Lexicon.framework/Versions/A/Lexicon
0x00007fff2a949000 	/usr/lib/libcmph.dylib
0x00007fff27400000 	/System/Library/Frameworks/OpenDirectory.framework/Versions/A/Frameworks/CFOpenDirectory.framework/Versions/A/CFOpenDirectory
0x00007fff273f0000 	/System/Library/Frameworks/OpenDirectory.framework/Versions/A/OpenDirectory
0x00007fff2aeb7000 	/System/Library/PrivateFrameworks/APFS.framework/Versions/A/APFS
0x00007fff29f2b000 	/System/Library/Frameworks/SecurityFoundation.framework/Versions/A/SecurityFoundation
0x00007fff2afc0000 	/usr/lib/libutil.dylib
0x00007fff22dad000 	/System/Library/PrivateFrameworks/CoreServicesStore.framework/Versions/A/CoreServicesStore
0x00007fff29fc2000 	/System/Library/Frameworks/ServiceManagement.framework/Versions/A/ServiceManagement
0x00007fff2afc4000 	/usr/lib/libxslt.1.dylib
0x00007fff29fb8000 	/System/Library/PrivateFrameworks/BackgroundTaskManagement.framework/Versions/A/BackgroundTaskManagement
0x00007fff2bfb9000 	/System/Library/Frameworks/ImageIO.framework/Versions/A/Resources/libRadiance.dylib
0x00007fff2bfc3000 	/System/Library/Frameworks/ImageIO.framework/Versions/A/Resources/libJPEG.dylib
0x00007fff2bf0e000 	/System/Library/Frameworks/ImageIO.framework/Versions/A/Resources/libPng.dylib
0x00007fff2bf35000 	/System/Library/Frameworks/ImageIO.framework/Versions/A/Resources/libTIFF.dylib
0x00007fff2c018000 	/System/Library/Frameworks/ImageIO.framework/Versions/A/Resources/libGIF.dylib
0x00007fff2bc71000 	/System/Library/Frameworks/ImageIO.framework/Versions/A/Resources/libJP2.dylib
0x00007fff2b35b000 	/usr/lib/libexpat.1.dylib
0x00007fff2bc26000 	/System/Library/PrivateFrameworks/AppleJPEG.framework/Versions/A/AppleJPEG
0x00007fff28807000 	/System/Library/PrivateFrameworks/FontServices.framework/libFontParser.dylib
0x00007fff26495000 	/System/Library/PrivateFrameworks/RunningBoardServices.framework/Versions/A/RunningBoardServices
0x00007fff2bd50000 	/System/Library/PrivateFrameworks/WatchdogClient.framework/Versions/A/WatchdogClient
0x00007fff2188c000 	/System/Library/Frameworks/CoreDisplay.framework/Versions/A/CoreDisplay
0x00007fff2871d000 	/System/Library/Frameworks/CoreMedia.framework/Versions/A/CoreMedia
0x00007fff2757d000 	/System/Library/Frameworks/CoreVideo.framework/Versions/A/CoreVideo
0x00007fff2bd88000 	/System/Library/Frameworks/VideoToolbox.framework/Versions/A/VideoToolbox
0x00007fff26413000 	/System/Library/PrivateFrameworks/BaseBoard.framework/Versions/A/BaseBoard
0x00007fff2b4a0000 	/System/Library/PrivateFrameworks/PersistentConnection.framework/Versions/A/PersistentConnection
0x00007fff261a6000 	/System/Library/PrivateFrameworks/ProtocolBuffer.framework/Versions/A/ProtocolBuffer
0x00007fff263fa000 	/System/Library/PrivateFrameworks/CommonUtilities.framework/Versions/A/CommonUtilities
0x00007fff2bbbb000 	/System/Library/PrivateFrameworks/Bom.framework/Versions/A/Bom
0x00007fff2bfb2000 	/System/Library/PrivateFrameworks/GPUWrangler.framework/Versions/A/GPUWrangler
0x00007fff2bf95000 	/System/Library/PrivateFrameworks/IOPresentment.framework/Versions/A/IOPresentment
0x00007fff2bfbd000 	/System/Library/PrivateFrameworks/DSExternalDisplay.framework/Versions/A/DSExternalDisplay
0x00007fff2c01d000 	/System/Library/PrivateFrameworks/CMCaptureCore.framework/Versions/A/CMCaptureCore
0x00007fff2b940000 	/System/Library/PrivateFrameworks/AppServerSupport.framework/Versions/A/AppServerSupport
0x00007fff2d9f1000 	/System/Library/PrivateFrameworks/perfdata.framework/Versions/A/perfdata
0x00007fff29f1a000 	/System/Library/PrivateFrameworks/AssertionServices.framework/Versions/A/AssertionServices
0x00007fff219c3000 	/System/Library/PrivateFrameworks/AudioToolboxCore.framework/Versions/A/AudioToolboxCore
0x00007fff28700000 	/System/Library/PrivateFrameworks/caulk.framework/Versions/A/caulk
0x00007fff3d69c000 	/System/Library/PrivateFrameworks/SystemPolicy.framework/Versions/A/SystemPolicy
0x00007fff2b150000 	/usr/lib/libIOReport.dylib
0x00007fff2d213000 	/usr/lib/libSMC.dylib
0x00007fff2bedb000 	/usr/lib/libAudioToolboxUtility.dylib
0x00007fff3e006000 	/usr/lib/libmis.dylib
0x00007fff6cbc2000 	/System/Library/Frameworks/OpenGL.framework/Versions/A/Libraries/libGLU.dylib
0x00007fff6cb85000 	/System/Library/Frameworks/OpenGL.framework/Versions/A/Libraries/libGFXShared.dylib
0x00007fff6cd94000 	/System/Library/Frameworks/OpenGL.framework/Versions/A/Libraries/libGL.dylib
0x00007fff6cb8e000 	/System/Library/Frameworks/OpenGL.framework/Versions/A/Libraries/libGLImage.dylib
0x00007fff6cb82000 	/System/Library/Frameworks/OpenGL.framework/Versions/A/Libraries/libCVMSPluginSupport.dylib
0x00007fff6cb6d000 	/System/Library/Frameworks/OpenGL.framework/Versions/A/Libraries/libCoreVMClient.dylib
0x00007fff6e1d5000 	/System/Library/Frameworks/OpenCL.framework/Versions/A/OpenCL
0x00007fff2b4ca000 	/System/Library/PrivateFrameworks/GraphVisualizer.framework/Versions/A/GraphVisualizer
0x00007fff2b4d9000 	/System/Library/PrivateFrameworks/FaceCore.framework/Versions/A/FaceCore
0x00007fff2b8f5000 	/System/Library/PrivateFrameworks/OTSVG.framework/Versions/A/OTSVG
0x00007fff27174000 	/System/Library/Frameworks/ApplicationServices.framework/Versions/A/Frameworks/ATS.framework/Versions/A/Resources/libFontRegistry.dylib
0x00007fff2b947000 	/System/Library/PrivateFrameworks/FontServices.framework/libhvf.dylib
0x00007fff2b307000 	/System/Library/PrivateFrameworks/AppleVA.framework/Versions/A/AppleVA
0x00007fff2d05c000 	/System/Library/Frameworks/ApplicationServices.framework/Versions/A/Frameworks/ATS.framework/Versions/A/ATS
0x00007fff2d36e000 	/System/Library/Frameworks/ApplicationServices.framework/Versions/A/Frameworks/ColorSyncLegacy.framework/Versions/A/ColorSyncLegacy
0x00007fff25980000 	/System/Library/Frameworks/ApplicationServices.framework/Versions/A/Frameworks/HIServices.framework/Versions/A/HIServices
0x00007fff2d353000 	/System/Library/Frameworks/ApplicationServices.framework/Versions/A/Frameworks/LangAnalysis.framework/Versions/A/LangAnalysis
0x00007fff2c027000 	/System/Library/Frameworks/ApplicationServices.framework/Versions/A/Frameworks/PrintCore.framework/Versions/A/PrintCore
0x00007fff2d376000 	/System/Library/Frameworks/ApplicationServices.framework/Versions/A/Frameworks/QD.framework/Versions/A/QD
0x00007fff2d04c000 	/System/Library/Frameworks/ApplicationServices.framework/Versions/A/Frameworks/SpeechSynthesis.framework/Versions/A/SpeechSynthesis
0x00007fff2bfe8000 	/System/Library/Frameworks/ApplicationServices.framework/Versions/A/Frameworks/ATSUI.framework/Versions/A/ATSUI
0x00007fff2d2f3000 	/usr/lib/libcups.2.dylib
0x00007fff2d363000 	/System/Library/PrivateFrameworks/NetAuth.framework/Versions/A/NetAuth
0x00007fff2da0d000 	/System/Library/Frameworks/Kerberos.framework/Versions/A/Kerberos
0x00007fff2da1d000 	/System/Library/Frameworks/GSS.framework/Versions/A/GSS
0x00007fff2d0c8000 	/usr/lib/libresolv.9.dylib
0x00007fff2b95c000 	/System/Library/PrivateFrameworks/Heimdal.framework/Versions/A/Heimdal
0x00007fff337a1000 	/System/Library/Frameworks/Kerberos.framework/Versions/A/Libraries/libHeimdalProxy.dylib
0x00007fff26566000 	/System/Library/Frameworks/Network.framework/Versions/A/Network
0x00007fff2b375000 	/usr/lib/libheimdal-asn1.dylib
0x00007fff2da6d000 	/System/Library/PrivateFrameworks/CommonAuth.framework/Versions/A/CommonAuth
0x00007fff275ca000 	/System/Library/PrivateFrameworks/login.framework/Versions/A/Frameworks/loginsupport.framework/Versions/A/loginsupport
0x00007fff2cfd1000 	/System/Library/PrivateFrameworks/AudioSession.framework/Versions/A/AudioSession
0x00007fff2d039000 	/usr/lib/libAudioStatistics.dylib
0x00007fff2b402000 	/System/Library/PrivateFrameworks/MediaExperience.framework/Versions/A/MediaExperience
0x00007fff2ce6e000 	/System/Library/PrivateFrameworks/AudioSession.framework/libSessionUtility.dylib
0x00007fff2d9fe000 	/usr/lib/libperfcheck.dylib
0x00007fff2d382000 	/System/Library/PrivateFrameworks/AudioResourceArbitration.framework/Versions/A/AudioResourceArbitration
0x00007fff2b37f000 	/System/Library/PrivateFrameworks/IconFoundation.framework/Versions/A/IconFoundation
0x00007fff2feab000 	/System/Library/PrivateFrameworks/SpeechRecognitionCore.framework/Versions/A/SpeechRecognitionCore
0x0000000103000000 	/Library/Internet Plug-Ins/JavaAppletPlugin.plugin/Contents/Home/lib/server/libjvm.dylib
0x00007fff78aae000 	/usr/lib/libstdc++.6.dylib
0x0000000100e1e000 	/Library/Internet Plug-Ins/JavaAppletPlugin.plugin/Contents/Home/lib/libverify.dylib
0x0000000100e2c000 	/Library/Internet Plug-Ins/JavaAppletPlugin.plugin/Contents/Home/lib/libjava.dylib
0x0000000100eac000 	/Library/Internet Plug-Ins/JavaAppletPlugin.plugin/Contents/Home/lib/libzip.dylib
0x0000000100efe000 	/Library/Internet Plug-Ins/JavaAppletPlugin.plugin/Contents/Home/lib/libmanagement.dylib
0x0000000100f0c000 	/Library/Internet Plug-Ins/JavaAppletPlugin.plugin/Contents/Home/lib/libnet.dylib
0x0000000100f4e000 	/Library/Internet Plug-Ins/JavaAppletPlugin.plugin/Contents/Home/lib/libnio.dylib
0x000000011abd6000 	/private/var/folders/5l/93l2_g397gx7v3xqthglv_3c0000gn/T/libxgboost4j_minimal5826196484567233031.dylib

VM Arguments:
jvm_args: -ea 
java_command: water.H2OApp -name H2O_started_from_R_alberto_dhe609 -ip localhost -web_ip localhost -port 54321 -ice_root /var/folders/5l/93l2_g397gx7v3xqthglv_3c0000gn/T//RtmpOXmIGv
java_class_path (initial): /Library/Frameworks/R.framework/Versions/4.0/Resources/library/h2o/java/h2o.jar
Launcher Type: SUN_STANDARD

Environment Variables:
PATH=/usr/bin:/bin:/usr/sbin:/sbin:/usr/local/bin:/Applications/VMware Fusion.app/Contents/Public:/Library/TeX/texbin:/opt/X11/bin:/Applications/RStudio.app/Contents/MacOS/postback
SHELL=/bin/bash
DISPLAY=/private/tmp/com.apple.launchd.J5fPCmM6Ts/org.macosforge.xquartz:0

Signal Handlers:
SIGSEGV: [libjvm.dylib+0x5b71a7], sa_mask[0]=11111111011111110111111111111111, sa_flags=SA_ONSTACK|SA_RESTART|SA_SIGINFO
SIGBUS: [libjvm.dylib+0x5b71a7], sa_mask[0]=11111111011111110111111111111111, sa_flags=SA_RESTART|SA_SIGINFO
SIGFPE: [libjvm.dylib+0x48c8fc], sa_mask[0]=11111111011111110111111111111111, sa_flags=SA_RESTART|SA_SIGINFO
SIGPIPE: [libjvm.dylib+0x48c8fc], sa_mask[0]=11111111011111110111111111111111, sa_flags=SA_RESTART|SA_SIGINFO
SIGXFSZ: [libjvm.dylib+0x48c8fc], sa_mask[0]=11111111011111110111111111111111, sa_flags=SA_RESTART|SA_SIGINFO
SIGILL: [libjvm.dylib+0x48c8fc], sa_mask[0]=11111111011111110111111111111111, sa_flags=SA_RESTART|SA_SIGINFO
SIGUSR1: SIG_IGN, sa_mask[0]=00000000000000000000000000000000, sa_flags=none
SIGUSR2: [libjvm.dylib+0x48c41a], sa_mask[0]=10000000000000000000000000000000, sa_flags=SA_RESTART|SA_SIGINFO
SIGHUP: [libjvm.dylib+0x48a9a5], sa_mask[0]=11111111011111110111111111111111, sa_flags=SA_RESTART|SA_SIGINFO
SIGINT: SIG_IGN, sa_mask[0]=00000000000000000000000000000000, sa_flags=none
SIGTERM: [libjvm.dylib+0x48a9a5], sa_mask[0]=11111111011111110111111111111111, sa_flags=SA_RESTART|SA_SIGINFO
SIGQUIT: [libjvm.dylib+0x48a9a5], sa_mask[0]=11111111011111110111111111111111, sa_flags=SA_RESTART|SA_SIGINFO


---------------  S Y S T E M  ---------------

OS:Bsduname:Darwin 20.3.0 Darwin Kernel Version 20.3.0: Thu Jan 21 00:07:06 PST 2021; root:xnu-7195.81.3~1/RELEASE_X86_64 x86_64
rlimit: STACK 8192k, CORE 0k, NPROC 1392, NOFILE 10240, AS infinity
load average:5.68 4.29 4.01

CPU:total 4 (initial active 4) (2 cores per cpu, 2 threads per core) family 6 model 142 stepping 9, cmov, cx8, fxsr, mmx, sse, sse2, sse3, ssse3, sse4.1, sse4.2, popcnt, avx, avx2, aes, clmul, erms, rtm, 3dnowpref, lzcnt, ht, tsc, tscinvbit, bmi1, bmi2, adx

Memory: 4k page, physical 8388608k(16904k free)

/proc/meminfo:


vm_info: Java HotSpot(TM) 64-Bit Server VM (25.212-b10) for bsd-amd64 JRE (1.8.0_212-b10), built on Apr  1 2019 23:10:56 by "java_re" with gcc 4.2.1 (Based on Apple Inc. build 5658) (LLVM build 2336.11.00)

time: Wed Apr 21 09:10:09 2021
timezone: CEST
elapsed time: 1874 seconds (0d 0h 31m 14s)

