#
# A fatal error has been detected by the Java Runtime Environment:
#
#  SIGSEGV (0xb) at pc=0x0000000111324db8, pid=3364, tid=0x0000000000007d0f
#
# JRE version: Java(TM) SE Runtime Environment (8.0_212-b10) (build 1.8.0_212-b10)
# Java VM: Java HotSpot(TM) 64-Bit Server VM (25.212-b10 mixed mode bsd-amd64 compressed oops)
# Problematic frame:
# V  [libjvm.dylib+0x324db8]
#
# Failed to write core dump. Core dumps have been disabled. To enable core dumping, try "ulimit -c unlimited" before starting Java again
#
# If you would like to submit a bug report, please visit:
#   http://bugreport.java.com/bugreport/crash.jsp
#

---------------  T H R E A D  ---------------

Current thread (0x00007fc2136dd800):  JavaThread "XGBoostUpdater-XGBoost_model_1618930841650_12" daemon [_thread_in_vm, id=32015, stack(0x00007000109b1000,0x0000700010ab1000)]

siginfo: si_signo: 11 (SIGSEGV), si_code: 1 (SEGV_MAPERR), si_addr: 0x0000000000000000

Registers:
RAX=0x00000000018bf2c3, RBX=0x00000000018bf2c3, RCX=0x00000000018bf2c3, RDX=0x0000000000000000
RSP=0x0000700010ab0710, RBP=0x0000700010ab0770, RSI=0x0000000000000000, RDI=0x00007fc2136dd9f8
R8 =0x00007fc1b812c000, R9 =0x0000700010ab05b8, R10=0x00000001115ef0bd, R11=0x00007fc10121b626
R12=0x0000000000000000, R13=0x00007fc2136dd800, R14=0x0000000000000000, R15=0x0000000000000000
RIP=0x0000000111324db8, EFLAGS=0x0000000000010206, ERR=0x0000000000000004
  TRAPNO=0x000000000000000e

Top of Stack: (sp=0x0000700010ab0710)
0x0000700010ab0710:   00007fc1b812c000 00007fc2136dd800
0x0000700010ab0720:   00007fc216533718 00007fc20000009f
0x0000700010ab0730:   00000001115da7ac 00007fc2136dd800
0x0000700010ab0740:   00007fc2136dd800 00007fc2136dd9f8
0x0000700010ab0750:   0000000000000000 0000000129e5ca00
0x0000700010ab0760:   0000700010ab0838 0000000000000000
0x0000700010ab0770:   0000700010ab07b0 000000012890f1fb
0x0000700010ab0780:   00007fc1b812c000 00000000018bf2c3
0x0000700010ab0790:   0000000129e5ca00 0000000000000000
0x0000700010ab07a0:   0000700010ab0848 00007fc2136dd800
0x0000700010ab07b0:   0000700010ab0818 0000000116c3a667
0x0000700010ab07c0:   0000700010ab0800 00000001110b24ba
0x0000700010ab07d0:   0000700010ab0818 0000700010ab07d8
0x0000700010ab07e0:   0000000129e5ca00 0000700010ab0848
0x0000700010ab07f0:   0000000129e5d3a0 0000000000000000
0x0000700010ab0800:   0000000129e5ca00 0000000000000000
0x0000700010ab0810:   0000700010ab0838 0000700010ab0890
0x0000700010ab0820:   0000000116c29d00 00000007410a3380
0x0000700010ab0830:   0000000116c33d16 00000007a547d8d0
0x0000700010ab0840:   00007fc21665b9a0 00000007a54b7580
0x0000700010ab0850:   0000700010ab0850 0000000129e7b722
0x0000700010ab0860:   0000700010ab08a8 0000000129e7c160
0x0000700010ab0870:   0000000129f33db8 0000000129e7b758
0x0000700010ab0880:   0000700010ab0838 0000700010ab08a8
0x0000700010ab0890:   0000700010ab08f0 0000000116c2a040
0x0000700010ab08a0:   00000007a547d8d0 000000078beeef38
0x0000700010ab08b0:   0000700010ab08b0 0000000129e76d0c
0x0000700010ab08c0:   0000700010ab0900 0000000129e76ec8
0x0000700010ab08d0:   0000000129f33c60 0000000129e76d28
0x0000700010ab08e0:   0000700010ab08a8 0000700010ab0900
0x0000700010ab08f0:   0000700010ab0948 0000000116c2a040
0x0000700010ab0900:   000000078beeedf8 0000700010ab0908 

Instructions: (pc=0x0000000111324db8)
0x0000000111324d98:   00 4c 89 e7 4d 63 e6 48 63 cb 4c 89 fe 4c 89 e2
0x0000000111324da8:   4c 8b 45 a0 90 0f 1f 40 00 89 d8 44 09 f0 78 3d
0x0000000111324db8:   49 8b 07 48 8d 0d 52 d1 5c 00 8a 11 84 d2 0f 94
0x0000000111324dc8:   c1 0f b6 c9 8b 4c 88 0c 29 d9 44 39 f1 7c 1e 85 

Register to memory mapping:

RAX=0x00000000018bf2c3 is an unknown value
RBX=0x00000000018bf2c3 is an unknown value
RCX=0x00000000018bf2c3 is an unknown value
RDX=0x0000000000000000 is an unknown value
RSP=0x0000700010ab0710 is pointing into the stack for thread: 0x00007fc2136dd800
RBP=0x0000700010ab0770 is pointing into the stack for thread: 0x00007fc2136dd800
RSI=0x0000000000000000 is an unknown value
RDI=0x00007fc2136dd9f8 is an unknown value
R8 =0x00007fc1b812c000 is an unknown value
R9 =0x0000700010ab05b8 is pointing into the stack for thread: 0x00007fc2136dd800
R10=0x00000001115ef0bd: _ZL24decode_instructions_name+0xa2d in /Library/Internet Plug-Ins/JavaAppletPlugin.plugin/Contents/Home/lib/server/libjvm.dylib at 0x0000000111000000
R11=0x00007fc10121b626 is an unknown value
R12=0x0000000000000000 is an unknown value
R13=0x00007fc2136dd800 is a thread
R14=0x0000000000000000 is an unknown value
R15=0x0000000000000000 is an unknown value


Stack: [0x00007000109b1000,0x0000700010ab1000],  sp=0x0000700010ab0710,  free space=1021k
Native frames: (J=compiled Java code, j=interpreted, Vv=VM code, C=native code)
V  [libjvm.dylib+0x324db8]
C  [libxgboost4j_minimal4886873130700150823.dylib+0x51fb]  Java_ml_dmlc_xgboost4j_java_XGBoostJNI_XGBoosterGetModelRaw+0x6b
j  ml.dmlc.xgboost4j.java.XGBoostJNI.XGBoosterGetModelRaw(J[[B)I+0
j  ml.dmlc.xgboost4j.java.Booster.toByteArray()[B+10
j  ml.dmlc.xgboost4j.java.BoosterWrapper.toByteArray()[B+4
j  hex.tree.xgboost.task.XGBoostUpdater$SerializeBooster.call()[B+7
j  hex.tree.xgboost.task.XGBoostUpdater$SerializeBooster.call()Ljava/lang/Object;+1
j  hex.tree.xgboost.task.XGBoostUpdater.run()V+25
v  ~StubRoutines::call_stub
V  [libjvm.dylib+0x2f0d1e]
V  [libjvm.dylib+0x2f14c2]
V  [libjvm.dylib+0x2f166e]
V  [libjvm.dylib+0x34bf5d]
V  [libjvm.dylib+0x570b93]
V  [libjvm.dylib+0x57228e]
V  [libjvm.dylib+0x48f30a]
C  [libsystem_pthread.dylib+0x6950]  _pthread_start+0xe0
C  [libsystem_pthread.dylib+0x247b]  thread_start+0xf
C  0x0000000000000000

Java frames: (J=compiled Java code, j=interpreted, Vv=VM code)
j  ml.dmlc.xgboost4j.java.XGBoostJNI.XGBoosterGetModelRaw(J[[B)I+0
j  ml.dmlc.xgboost4j.java.Booster.toByteArray()[B+10
j  ml.dmlc.xgboost4j.java.BoosterWrapper.toByteArray()[B+4
j  hex.tree.xgboost.task.XGBoostUpdater$SerializeBooster.call()[B+7
j  hex.tree.xgboost.task.XGBoostUpdater$SerializeBooster.call()Ljava/lang/Object;+1
j  hex.tree.xgboost.task.XGBoostUpdater.run()V+25
v  ~StubRoutines::call_stub

---------------  P R O C E S S  ---------------

Java Threads: ( => current thread )
  0x00007fc2136de000 JavaThread "FJ-2-23" daemon [_thread_blocked, id=44547, stack(0x0000700010cba000,0x0000700010dba000)]
  0x00007fc19def9800 JavaThread "XGBoostUpdater-XGBoost_model_1618930841650_11" daemon [_thread_blocked, id=44035, stack(0x0000700010bb7000,0x0000700010cb7000)]
  0x00007fc19def9000 JavaThread "XGBoostUpdater-XGBoost_model_1618930841650_9" daemon [_thread_blocked, id=29959, stack(0x0000700010ab4000,0x0000700010bb4000)]
=>0x00007fc2136dd800 JavaThread "XGBoostUpdater-XGBoost_model_1618930841650_12" daemon [_thread_in_vm, id=32015, stack(0x00007000109b1000,0x0000700010ab1000)]
  0x00007fc215ce6000 JavaThread "XGBoostUpdater-XGBoost_model_1618930841650_8" daemon [_thread_blocked, id=23567, stack(0x00007000108ae000,0x00007000109ae000)]
  0x00007fc213293000 JavaThread "XGBoostUpdater-XGBoost_model_1618930841650_7" daemon [_thread_in_native, id=37647, stack(0x00007000107ab000,0x00007000108ab000)]
  0x00007fc215bdb800 JavaThread "XGBoostUpdater-XGBoost_model_1618930841650_10" daemon [_thread_blocked, id=24079, stack(0x00007000106a8000,0x00007000107a8000)]
  0x00007fc1b33bf800 JavaThread "XGBoostUpdater-XGBoost_model_1618930841650_6" daemon [_thread_blocked, id=27399, stack(0x00007000105a5000,0x00007000106a5000)]
  0x00007fc213290800 JavaThread "XGBoostUpdater-XGBoost_model_1618930841650_5" daemon [_thread_in_native, id=26631, stack(0x00007000104a2000,0x00007000105a2000)]
  0x00007fc1b338b800 JavaThread "FJ-3-19" daemon [_thread_blocked, id=35343, stack(0x000070001039f000,0x000070001049f000)]
  0x00007fc21328e000 JavaThread "FJ-3-5" daemon [_thread_blocked, id=31759, stack(0x000070000ff93000,0x0000700010093000)]
  0x00007fc215bda800 JavaThread "FJ-3-11" daemon [_thread_blocked, id=37383, stack(0x000070000fd8d000,0x000070000fe8d000)]
  0x00007fc19dffc800 JavaThread "FJ-3-13" daemon [_thread_blocked, id=23051, stack(0x000070000fc8a000,0x000070000fd8a000)]
  0x00007fc19de44800 JavaThread "FJ-2-9" daemon [_thread_blocked, id=27663, stack(0x000070000fb87000,0x000070000fc87000)]
  0x00007fc2137b4000 JavaThread "FJ-2-27" daemon [_thread_blocked, id=24339, stack(0x000070000fa84000,0x000070000fb84000)]
  0x00007fc2131b9000 JavaThread "FJ-2-13" daemon [_thread_blocked, id=29703, stack(0x000070000f77b000,0x000070000f87b000)]
  0x00007fc19de42800 JavaThread "FJ-2-31" daemon [_thread_in_Java, id=25607, stack(0x000070000f678000,0x000070000f778000)]
  0x00007fc215e6a000 JavaThread "FJ-2-17" daemon [_thread_blocked, id=37907, stack(0x000070000f575000,0x000070000f675000)]
  0x00007fc19d80a000 JavaThread "FJ-3-15" daemon [_thread_blocked, id=29447, stack(0x000070000f36f000,0x000070000f46f000)]
  0x00007fc1b3386000 JavaThread "FJ-2-3" daemon [_thread_blocked, id=28207, stack(0x000070000f26c000,0x000070000f36c000)]
  0x00007fc1b31ac000 JavaThread "FJ-3-1" daemon [_thread_blocked, id=33295, stack(0x000070000f169000,0x000070000f269000)]
  0x00007fc19d808800 JavaThread "FJ-2-21" daemon [_thread_blocked, id=34067, stack(0x000070000ed5d000,0x000070000ee5d000)]
  0x00007fc213579000 JavaThread "FJ-2-7" daemon [_thread_blocked, id=26903, stack(0x000070000eb57000,0x000070000ec57000)]
  0x00007fc2159ce800 JavaThread "FJ-1-1" daemon [_thread_blocked, id=19239, stack(0x000070000ea54000,0x000070000eb54000)]
  0x00007fc1b317d000 JavaThread "FJ-116-7" daemon [_thread_blocked, id=25899, stack(0x000070000ec5a000,0x000070000ed5a000)]
  0x00007fc21817e800 JavaThread "FJ-1-3" daemon [_thread_blocked, id=34315, stack(0x000070000d512000,0x000070000d612000)]
  0x00007fc1b2b8c800 JavaThread "FJ-2-11" daemon [_thread_blocked, id=38667, stack(0x000070000ef63000,0x000070000f063000)]
  0x00007fc215f5a800 JavaThread "FJ-3-9" daemon [_thread_in_vm, id=28439, stack(0x000070000ee60000,0x000070000ef60000)]
  0x00007fc21802a800 JavaThread "FJ-4-3" daemon [_thread_blocked, id=24839, stack(0x000070001029c000,0x000070001039c000)]
  0x00007fc2137d3800 JavaThread "FJ-117-7" daemon [_thread_blocked, id=33027, stack(0x0000700010096000,0x0000700010196000)]
  0x00007fc213809000 JavaThread "DestroyJavaVM" [_thread_blocked, id=4099, stack(0x000070000cc77000,0x000070000cd77000)]
  0x00007fc213983800 JavaThread "ClientDisconnectCheckThread" daemon [_thread_blocked, id=22787, stack(0x000070000e951000,0x000070000ea51000)]
  0x00007fc212ab6800 JavaThread "Heartbeat" daemon [_thread_blocked, id=39171, stack(0x000070000e84e000,0x000070000e94e000)]
  0x00007fc2132fb000 JavaThread "TCP-Accept" [_thread_in_native, id=39427, stack(0x000070000e74b000,0x000070000e84b000)]
  0x00007fc213311800 JavaThread "MemCleaner" daemon [_thread_blocked, id=39683, stack(0x000070000e648000,0x000070000e748000)]
  0x00007fc213303800 JavaThread "Multi-UDP-R" [_thread_in_native, id=40195, stack(0x000070000e545000,0x000070000e645000)]
  0x00007fc2132c7000 JavaThread "Scheduler-717386707" [_thread_blocked, id=40707, stack(0x000070000e442000,0x000070000e542000)]
  0x00007fc2131f3000 JavaThread "qtp1196765369-17" [_thread_in_native, id=41219, stack(0x000070000e33f000,0x000070000e43f000)]
  0x00007fc215986000 JavaThread "qtp1196765369-16" [_thread_blocked, id=41731, stack(0x000070000e23c000,0x000070000e33c000)]
  0x00007fc212ab0000 JavaThread "qtp1196765369-15" [_thread_blocked, id=42243, stack(0x000070000e139000,0x000070000e239000)]
  0x00007fc215985800 JavaThread "qtp1196765369-14" [_thread_blocked, id=42755, stack(0x000070000e036000,0x000070000e136000)]
  0x00007fc212aaf000 JavaThread "qtp1196765369-13" [_thread_blocked, id=43267, stack(0x000070000df33000,0x000070000e033000)]
  0x00007fc212a97000 JavaThread "qtp1196765369-12-acceptor-0@6e5e7db2-ServerConnector@60998e09{HTTP/1.1,[http/1.1]}{localhost:54321}" [_thread_in_native, id=16899, stack(0x000070000de30000,0x000070000df30000)]
  0x00007fc212aae800 JavaThread "qtp1196765369-11" [_thread_in_Java, id=16643, stack(0x000070000dd2d000,0x000070000de2d000)]
  0x00007fc2138d0800 JavaThread "qtp1196765369-10" [_thread_in_native, id=16387, stack(0x000070000dc2a000,0x000070000dd2a000)]
  0x00007fc21582d800 JavaThread "Service Thread" daemon [_thread_blocked, id=15363, stack(0x000070000da24000,0x000070000db24000)]
  0x00007fc21580a800 JavaThread "C1 CompilerThread2" daemon [_thread_blocked, id=14851, stack(0x000070000d921000,0x000070000da21000)]
  0x00007fc21303d000 JavaThread "C2 CompilerThread1" daemon [_thread_blocked, id=17667, stack(0x000070000d81e000,0x000070000d91e000)]
  0x00007fc21303b800 JavaThread "C2 CompilerThread0" daemon [_thread_blocked, id=18179, stack(0x000070000d71b000,0x000070000d81b000)]
  0x00007fc21301c000 JavaThread "Signal Dispatcher" daemon [_thread_blocked, id=13831, stack(0x000070000d618000,0x000070000d718000)]
  0x00007fc213016000 JavaThread "Finalizer" daemon [_thread_blocked, id=20483, stack(0x000070000d38c000,0x000070000d48c000)]
  0x00007fc21284a800 JavaThread "Reference Handler" daemon [_thread_blocked, id=20995, stack(0x000070000d289000,0x000070000d389000)]

Other Threads:
  0x00007fc212848000 VMThread [stack: 0x000070000d186000,0x000070000d286000] [id=21251]
  0x00007fc212855000 WatcherThread [stack: 0x000070000db27000,0x000070000dc27000] [id=15875]

VM state:synchronizing (normal execution)

VM Mutex/Monitor currently owned by a thread:  ([mutex/lock_event])
[0x00007fc212407800] Safepoint_lock - owner thread: 0x00007fc212848000
[0x00007fc212407880] Threads_lock - owner thread: 0x00007fc212848000
[0x00007fc212407d80] Heap_lock - owner thread: 0x00007fc19def9000

OutOfMemory and StackOverflow Exception counts:
OutOfMemoryError java_heap_errors=11

heap address: 0x0000000740000000, size: 2048 MB, Compressed Oops mode: Zero based, Oop shift amount: 3
Narrow klass base: 0x0000000000000000, Narrow klass shift: 3
Compressed class space size: 1073741824 Address: 0x00000007c0000000

Heap:
 PSYoungGen      total 451072K, used 265469K [0x0000000795580000, 0x00000007c0000000, 0x00000007c0000000)
  eden space 280576K, 94% used [0x0000000795580000,0x00000007a58bf418,0x00000007a6780000)
  from space 170496K, 0% used [0x00000007a6780000,0x00000007a6780000,0x00000007b0e00000)
  to   space 232960K, 0% used [0x00000007b1c80000,0x00000007b1c80000,0x00000007c0000000)
 ParOldGen       total 1398272K, used 1398216K [0x0000000740000000, 0x0000000795580000, 0x0000000795580000)
  object space 1398272K, 99% used [0x0000000740000000,0x0000000795572150,0x0000000795580000)
 Metaspace       used 32348K, capacity 32767K, committed 33152K, reserved 1079296K
  class space    used 3786K, capacity 3914K, committed 3968K, reserved 1048576K

Card table byte_map: [0x0000000112379000,0x000000011277a000] byte_map_base: 0x000000010e979000

Marking Bits: (ParMarkBitMap*) 0x00000001118fbe40
 Begin Bits: [0x000000011277a000, 0x000000011477a000)
 End Bits:   [0x000000011477a000, 0x000000011677a000)

Polling page: 0x000000010ec1a000

CodeCache: size=245760Kb used=20940Kb max_used=21140Kb free=224819Kb
 bounds [0x0000000116c22000, 0x0000000118112000, 0x0000000125c22000]
 total_blobs=5967 nmethods=5390 adapters=490
 compilation: enabled

Compilation events (10 events):
Event: 1836.358 Thread 0x00007fc21580a800 7052   !   3       jsr166y.ForkJoinPool::awaitJoin (228 bytes)
Event: 1836.359 Thread 0x00007fc21580a800 nmethod 7052 0x00000001177b3e10 code [0x00000001177b4060, 0x00000001177b5138]
Event: 1837.393 Thread 0x00007fc21303b800 7053       4       org.eclipse.jetty.http.HttpFields$Itr::next (46 bytes)
Event: 1837.394 Thread 0x00007fc21303b800 nmethod 7053 0x00000001171c1450 code [0x00000001171c15a0, 0x00000001171c1698]
Event: 1839.419 Thread 0x00007fc21303d000 7054       4       water.api.schemas3.KeyV3::<init> (438 bytes)
Event: 1839.497 Thread 0x00007fc21303d000 nmethod 7054 0x0000000117b51390 code [0x0000000117b517e0, 0x0000000117b54190]
Event: 1845.582 Thread 0x00007fc21303b800 7055   !   4       water.util.PojoUtils::copyProperties (2195 bytes)
Event: 1846.996 Thread 0x00007fc21303b800 nmethod 7055 0x0000000117e89990 code [0x0000000117e8a600, 0x0000000117e95ca8]
Event: 1851.846 Thread 0x00007fc21303b800 7056       4       java.text.DateFormatSymbols::initializeData (368 bytes)
Event: 1854.286 Thread 0x00007fc21303b800 nmethod 7056 0x0000000117af0d50 code [0x0000000117af10e0, 0x0000000117af25f0]

GC Heap History (10 events):
Event: 1859.173 GC heap before
{Heap before GC invocations=355 (full 224):
 PSYoungGen      total 451072K, used 280576K [0x0000000795580000, 0x00000007c0000000, 0x00000007c0000000)
  eden space 280576K, 100% used [0x0000000795580000,0x00000007a6780000,0x00000007a6780000)
  from space 170496K, 0% used [0x00000007a6780000,0x00000007a6780000,0x00000007b0e00000)
  to   space 232960K, 0% used [0x00000007b1c80000,0x00000007b1c80000,0x00000007c0000000)
 ParOldGen       total 1398272K, used 1378358K [0x0000000740000000, 0x0000000795580000, 0x0000000795580000)
  object space 1398272K, 98% used [0x0000000740000000,0x000000079420d8e0,0x0000000795580000)
 Metaspace       used 32356K, capacity 32779K, committed 33152K, reserved 1079296K
  class space    used 3788K, capacity 3916K, committed 3968K, reserved 1048576K
Event: 1859.291 GC heap after
Heap after GC invocations=355 (full 224):
 PSYoungGen      total 451072K, used 280574K [0x0000000795580000, 0x00000007c0000000, 0x00000007c0000000)
  eden space 280576K, 99% used [0x0000000795580000,0x00000007a677f8a8,0x00000007a6780000)
  from space 170496K, 0% used [0x00000007a6780000,0x00000007a6780000,0x00000007b0e00000)
  to   space 232960K, 0% used [0x00000007b1c80000,0x00000007b1c80000,0x00000007c0000000)
 ParOldGen       total 1398272K, used 1378357K [0x0000000740000000, 0x0000000795580000, 0x0000000795580000)
  object space 1398272K, 98% used [0x0000000740000000,0x000000079420d790,0x0000000795580000)
 Metaspace       used 32356K, capacity 32779K, committed 33152K, reserved 1079296K
  class space    used 3788K, capacity 3916K, committed 3968K, reserved 1048576K
}
Event: 1859.291 GC heap before
{Heap before GC invocations=356 (full 225):
 PSYoungGen      total 451072K, used 280576K [0x0000000795580000, 0x00000007c0000000, 0x00000007c0000000)
  eden space 280576K, 100% used [0x0000000795580000,0x00000007a6780000,0x00000007a6780000)
  from space 170496K, 0% used [0x00000007a6780000,0x00000007a6780000,0x00000007b0e00000)
  to   space 232960K, 0% used [0x00000007b1c80000,0x00000007b1c80000,0x00000007c0000000)
 ParOldGen       total 1398272K, used 1378357K [0x0000000740000000, 0x0000000795580000, 0x0000000795580000)
  object space 1398272K, 98% used [0x0000000740000000,0x000000079420d790,0x0000000795580000)
 Metaspace       used 32356K, capacity 32779K, committed 33152K, reserved 1079296K
  class space    used 3788K, capacity 3916K, committed 3968K, reserved 1048576K
Event: 1859.406 GC heap after
Heap after GC invocations=356 (full 225):
 PSYoungGen      total 451072K, used 280574K [0x0000000795580000, 0x00000007c0000000, 0x00000007c0000000)
  eden space 280576K, 99% used [0x0000000795580000,0x00000007a677fb20,0x00000007a6780000)
  from space 170496K, 0% used [0x00000007a6780000,0x00000007a6780000,0x00000007b0e00000)
  to   space 232960K, 0% used [0x00000007b1c80000,0x00000007b1c80000,0x00000007c0000000)
 ParOldGen       total 1398272K, used 1378357K [0x0000000740000000, 0x0000000795580000, 0x0000000795580000)
  object space 1398272K, 98% used [0x0000000740000000,0x000000079420d758,0x0000000795580000)
 Metaspace       used 32356K, capacity 32779K, committed 33152K, reserved 1079296K
  class space    used 3788K, capacity 3916K, committed 3968K, reserved 1048576K
}
Event: 1859.406 GC heap before
{Heap before GC invocations=357 (full 226):
 PSYoungGen      total 451072K, used 280576K [0x0000000795580000, 0x00000007c0000000, 0x00000007c0000000)
  eden space 280576K, 100% used [0x0000000795580000,0x00000007a6780000,0x00000007a6780000)
  from space 170496K, 0% used [0x00000007a6780000,0x00000007a6780000,0x00000007b0e00000)
  to   space 232960K, 0% used [0x00000007b1c80000,0x00000007b1c80000,0x00000007c0000000)
 ParOldGen       total 1398272K, used 1378357K [0x0000000740000000, 0x0000000795580000, 0x0000000795580000)
  object space 1398272K, 98% used [0x0000000740000000,0x000000079420d758,0x0000000795580000)
 Metaspace       used 32356K, capacity 32779K, committed 33152K, reserved 1079296K
  class space    used 3788K, capacity 3916K, committed 3968K, reserved 1048576K
Event: 1859.535 GC heap after
Heap after GC invocations=357 (full 226):
 PSYoungGen      total 451072K, used 260659K [0x0000000795580000, 0x00000007c0000000, 0x00000007c0000000)
  eden space 280576K, 92% used [0x0000000795580000,0x00000007a540ceb8,0x00000007a6780000)
  from space 170496K, 0% used [0x00000007a6780000,0x00000007a6780000,0x00000007b0e00000)
  to   space 232960K, 0% used [0x00000007b1c80000,0x00000007b1c80000,0x00000007c0000000)
 ParOldGen       total 1398272K, used 1398271K [0x0000000740000000, 0x0000000795580000, 0x0000000795580000)
  object space 1398272K, 99% used [0x0000000740000000,0x000000079557ff38,0x0000000795580000)
 Metaspace       used 32356K, capacity 32779K, committed 33152K, reserved 1079296K
  class space    used 3788K, capacity 3916K, committed 3968K, reserved 1048576K
}
Event: 1859.557 GC heap before
{Heap before GC invocations=358 (full 227):
 PSYoungGen      total 451072K, used 265700K [0x0000000795580000, 0x00000007c0000000, 0x00000007c0000000)
  eden space 280576K, 94% used [0x0000000795580000,0x00000007a58f90e0,0x00000007a6780000)
  from space 170496K, 0% used [0x00000007a6780000,0x00000007a6780000,0x00000007b0e00000)
  to   space 232960K, 0% used [0x00000007b1c80000,0x00000007b1c80000,0x00000007c0000000)
 ParOldGen       total 1398272K, used 1398271K [0x0000000740000000, 0x0000000795580000, 0x0000000795580000)
  object space 1398272K, 99% used [0x0000000740000000,0x000000079557ff38,0x0000000795580000)
 Metaspace       used 32356K, capacity 32779K, committed 33152K, reserved 1079296K
  class space    used 3788K, capacity 3916K, committed 3968K, reserved 1048576K
Event: 1859.864 GC heap after
Heap after GC invocations=358 (full 227):
 PSYoungGen      total 451072K, used 265387K [0x0000000795580000, 0x00000007c0000000, 0x00000007c0000000)
  eden space 280576K, 94% used [0x0000000795580000,0x00000007a58aac28,0x00000007a6780000)
  from space 170496K, 0% used [0x00000007a6780000,0x00000007a6780000,0x00000007b0e00000)
  to   space 232960K, 0% used [0x00000007b1c80000,0x00000007b1c80000,0x00000007c0000000)
 ParOldGen       total 1398272K, used 1398270K [0x0000000740000000, 0x0000000795580000, 0x0000000795580000)
  object space 1398272K, 99% used [0x0000000740000000,0x000000079557fa18,0x0000000795580000)
 Metaspace       used 32356K, capacity 32779K, committed 33152K, reserved 1079296K
  class space    used 3788K, capacity 3916K, committed 3968K, reserved 1048576K
}
Event: 1859.864 GC heap before
{Heap before GC invocations=359 (full 228):
 PSYoungGen      total 451072K, used 265387K [0x0000000795580000, 0x00000007c0000000, 0x00000007c0000000)
  eden space 280576K, 94% used [0x0000000795580000,0x00000007a58aac28,0x00000007a6780000)
  from space 170496K, 0% used [0x00000007a6780000,0x00000007a6780000,0x00000007b0e00000)
  to   space 232960K, 0% used [0x00000007b1c80000,0x00000007b1c80000,0x00000007c0000000)
 ParOldGen       total 1398272K, used 1398270K [0x0000000740000000, 0x0000000795580000, 0x0000000795580000)
  object space 1398272K, 99% used [0x0000000740000000,0x000000079557fa18,0x0000000795580000)
 Metaspace       used 32356K, capacity 32779K, committed 33152K, reserved 1079296K
  class space    used 3788K, capacity 3916K, committed 3968K, reserved 1048576K
Event: 1860.121 GC heap after
Heap after GC invocations=359 (full 228):
 PSYoungGen      total 451072K, used 265386K [0x0000000795580000, 0x00000007c0000000, 0x00000007c0000000)
  eden space 280576K, 94% used [0x0000000795580000,0x00000007a58aabe0,0x00000007a6780000)
  from space 170496K, 0% used [0x00000007a6780000,0x00000007a6780000,0x00000007b0e00000)
  to   space 232960K, 0% used [0x00000007b1c80000,0x00000007b1c80000,0x00000007c0000000)
 ParOldGen       total 1398272K, used 1398216K [0x0000000740000000, 0x0000000795580000, 0x0000000795580000)
  object space 1398272K, 99% used [0x0000000740000000,0x0000000795572150,0x0000000795580000)
 Metaspace       used 32348K, capacity 32767K, committed 33152K, reserved 1079296K
  class space    used 3786K, capacity 3914K, committed 3968K, reserved 1048576K
}

Deoptimization events (10 events):
Event: 1783.434 Thread 0x00007fc213311800 Uncommon trap: reason=predicate action=maybe_recompile pc=0x0000000117fbb23c method=water.nbhm.NonBlockingHashMap$CHM.help_copy_impl(Lwater/nbhm/NonBlockingHashMap;[Ljava/lang/Object;Z)V @ 82
Event: 1783.434 Thread 0x00007fc213311800 Uncommon trap: reason=unstable_if action=reinterpret pc=0x0000000117922730 method=water.nbhm.NonBlockingHashMap$CHM.help_copy_impl(Lwater/nbhm/NonBlockingHashMap;[Ljava/lang/Object;Z)V @ 201
Event: 1790.932 Thread 0x00007fc19de42800 Uncommon trap: reason=null_check action=make_not_entrant pc=0x0000000117a73a30 method=water.Job.update(JLjava/lang/String;)V @ 15
Event: 1795.087 Thread 0x00007fc1b3386000 Uncommon trap: reason=predicate action=maybe_recompile pc=0x00000001180a7888 method=java.util.Arrays.fill([Ljava/lang/Object;IILjava/lang/Object;)V @ 16
Event: 1804.013 Thread 0x00007fc1b2b8c800 Uncommon trap: reason=null_check action=make_not_entrant pc=0x00000001174dea78 method=water.Job$4.abort(Lwater/Job;)Z @ 41
Event: 1809.574 Thread 0x00007fc19de42800 Uncommon trap: reason=array_check action=maybe_recompile pc=0x0000000117e3b28c method=java.util.Arrays.fill([Ljava/lang/Object;IILjava/lang/Object;)V @ 20
Event: 1809.574 Thread 0x00007fc19de42800 Uncommon trap: reason=array_check action=maybe_recompile pc=0x0000000117e3b28c method=java.util.Arrays.fill([Ljava/lang/Object;IILjava/lang/Object;)V @ 20
Event: 1809.823 Thread 0x00007fc2131b9000 Uncommon trap: reason=array_check action=maybe_recompile pc=0x0000000117e3b28c method=java.util.Arrays.fill([Ljava/lang/Object;IILjava/lang/Object;)V @ 20
Event: 1809.823 Thread 0x00007fc2131b9000 Uncommon trap: reason=array_check action=maybe_recompile pc=0x0000000117e3b28c method=java.util.Arrays.fill([Ljava/lang/Object;IILjava/lang/Object;)V @ 20
Event: 1832.793 Thread 0x00007fc1b3386000 Uncommon trap: reason=unstable_if action=reinterpret pc=0x00000001172f7f48 method=jsr166y.ForkJoinPool.awaitJoin(Ljsr166y/ForkJoinPool$WorkQueue;Ljsr166y/ForkJoinTask;)I @ 182

Classes redefined (0 events):
No events

Internal exceptions (10 events):
Event: 1134.412 Thread 0x00007fc215985800 Exception <a 'java/lang/ClassCastException': java.lang.Class cannot be cast to java.lang.Double> (0x00000007956ba3c8) thrown at [/Users/java_re/workspace/8-2-build-macosx-x86_64/jdk8u212/12974/hotspot/src/share/vm/interpreter/interpreterRuntime.cpp, line 
Event: 1134.412 Thread 0x00007fc215985800 Exception <a 'java/lang/IllegalMonitorStateException'> (0x00000007956ba7c8) thrown at [/Users/java_re/workspace/8-2-build-macosx-x86_64/jdk8u212/12974/hotspot/src/share/vm/runtime/objectMonitor.cpp, line 1699]
Event: 1134.412 Thread 0x00007fc215985800 Exception <a 'java/lang/reflect/InvocationTargetException'> (0x00000007956babb8) thrown at [/Users/java_re/workspace/8-2-build-macosx-x86_64/jdk8u212/12974/hotspot/src/share/vm/runtime/reflection.cpp, line 1092]
Event: 1134.412 Thread 0x00007fc215985800 Exception <a 'java/lang/IllegalMonitorStateException'> (0x00000007956bafc0) thrown at [/Users/java_re/workspace/8-2-build-macosx-x86_64/jdk8u212/12974/hotspot/src/share/vm/runtime/objectMonitor.cpp, line 1818]
Event: 1134.413 Thread 0x00007fc215985800 Exception <a 'java/lang/reflect/InvocationTargetException'> (0x00000007956bb3b0) thrown at [/Users/java_re/workspace/8-2-build-macosx-x86_64/jdk8u212/12974/hotspot/src/share/vm/runtime/reflection.cpp, line 1092]
Event: 1174.348 Thread 0x00007fc212e19800 Implicit null exception at 0x000000011757e4f8 to 0x000000011757e652
Event: 1272.822 Thread 0x00007fc213311800 Implicit null exception at 0x0000000117ce0674 to 0x0000000117ce3dd9
Event: 1790.932 Thread 0x00007fc19de42800 Implicit null exception at 0x0000000117a7374c to 0x0000000117a73a19
Event: 1804.013 Thread 0x00007fc1b2b8c800 Implicit null exception at 0x00000001174de8c3 to 0x00000001174dea69
Event: 1860.121 Thread 0x00007fc2136dd800 Exception <a 'java/lang/OutOfMemoryError'> (0x00000007400240c8) thrown at [/Users/java_re/workspace/8-2-build-macosx-x86_64/jdk8u212/12974/hotspot/src/share/vm/gc_interface/collectedHeap.inline.hpp, line 159]

Events (10 events):
Event: 1859.016 Executing VM operation: ParallelGCFailedAllocation
Event: 1859.173 Executing VM operation: ParallelGCFailedAllocation done
Event: 1859.173 Executing VM operation: ParallelGCFailedAllocation
Event: 1859.291 Executing VM operation: ParallelGCFailedAllocation done
Event: 1859.291 Executing VM operation: ParallelGCFailedAllocation
Event: 1859.406 Executing VM operation: ParallelGCFailedAllocation done
Event: 1859.406 Executing VM operation: ParallelGCFailedAllocation
Event: 1859.535 Executing VM operation: ParallelGCFailedAllocation done
Event: 1859.545 Executing VM operation: ParallelGCFailedAllocation
Event: 1860.121 Executing VM operation: ParallelGCFailedAllocation done


Dynamic libraries:
0x00007fff35204000 	/System/Library/Frameworks/Cocoa.framework/Versions/A/Cocoa
0x00007fff22429000 	/System/Library/Frameworks/Security.framework/Versions/A/Security
0x00007fff33401000 	/System/Library/Frameworks/ApplicationServices.framework/Versions/A/ApplicationServices
0x00007fff2a6b2000 	/usr/lib/libz.1.dylib
0x00007fff2a77a000 	/usr/lib/libSystem.B.dylib
0x00007fff2040f000 	/usr/lib/libobjc.A.dylib
0x00007fff205ef000 	/System/Library/Frameworks/CoreFoundation.framework/Versions/A/CoreFoundation
0x00007fff2139c000 	/System/Library/Frameworks/Foundation.framework/Versions/C/Foundation
0x00007fff22e50000 	/System/Library/Frameworks/AppKit.framework/Versions/C/AppKit
0x00007fff25ce8000 	/System/Library/Frameworks/CoreData.framework/Versions/A/CoreData
0x00007fff23bb3000 	/System/Library/PrivateFrameworks/UIFoundation.framework/Versions/A/UIFoundation
0x00007fff2fde0000 	/System/Library/PrivateFrameworks/RemoteViewServices.framework/Versions/A/RemoteViewServices
0x00007fff28bd9000 	/System/Library/PrivateFrameworks/XCTTargetBootstrap.framework/Versions/A/XCTTargetBootstrap
0x00007fff2b8ba000 	/usr/lib/libspindump.dylib
0x00007fff23e08000 	/System/Library/Frameworks/UniformTypeIdentifiers.framework/Versions/A/UniformTypeIdentifiers
0x00007fff273af000 	/usr/lib/libapp_launch_measurement.dylib
0x00007fff273b2000 	/System/Library/PrivateFrameworks/CoreAutoLayout.framework/Versions/A/CoreAutoLayout
0x00007fff2853b000 	/System/Library/Frameworks/Metal.framework/Versions/A/Metal
0x00007fff2922b000 	/usr/lib/liblangid.dylib
0x00007fff28bdd000 	/System/Library/PrivateFrameworks/CoreSVG.framework/Versions/A/CoreSVG
0x00007fff24def000 	/System/Library/PrivateFrameworks/SkyLight.framework/Versions/A/SkyLight
0x00007fff25156000 	/System/Library/Frameworks/CoreGraphics.framework/Versions/A/CoreGraphics
0x00007fff30437000 	/System/Library/Frameworks/Accelerate.framework/Versions/A/Accelerate
0x00007fff2b2f5000 	/System/Library/PrivateFrameworks/IconServices.framework/Versions/A/IconServices
0x00007fff28520000 	/System/Library/Frameworks/IOSurface.framework/Versions/A/IOSurface
0x00007fff26671000 	/usr/lib/libDiagnosticMessagesClient.dylib
0x00007fff28bc5000 	/System/Library/PrivateFrameworks/DFRFoundation.framework/Versions/A/DFRFoundation
0x00007fff2277b000 	/usr/lib/libicucore.A.dylib
0x00007fff2ce01000 	/System/Library/Frameworks/AudioToolbox.framework/Versions/A/AudioToolbox
0x00007fff2c0a6000 	/System/Library/PrivateFrameworks/DataDetectorsCore.framework/Versions/A/DataDetectorsCore
0x00007fff288c5000 	/System/Library/Frameworks/Carbon.framework/Versions/A/Frameworks/HIToolbox.framework/Versions/A/HIToolbox
0x00007fff26e0a000 	/System/Library/Frameworks/QuartzCore.framework/Versions/A/QuartzCore
0x00007fff2fe1c000 	/System/Library/Frameworks/Carbon.framework/Versions/A/Frameworks/SpeechRecognition.framework/Versions/A/SpeechRecognition
0x00007fff27117000 	/System/Library/PrivateFrameworks/CoreUI.framework/Versions/A/CoreUI
0x00007fff21d84000 	/System/Library/Frameworks/CoreAudio.framework/Versions/A/CoreAudio
0x00007fff2675c000 	/System/Library/Frameworks/DiskArbitration.framework/Versions/A/DiskArbitration
0x00007fff2bcb5000 	/System/Library/PrivateFrameworks/MultitouchSupport.framework/Versions/A/MultitouchSupport
0x00007fff2c09d000 	/System/Library/PrivateFrameworks/InternationalSupport.framework/Versions/A/InternationalSupport
0x00007fff24d63000 	/usr/lib/libenergytrace.dylib
0x00007fff22d49000 	/System/Library/Frameworks/IOKit.framework/Versions/A/IOKit
0x00007fff30169000 	/System/Library/Frameworks/CoreServices.framework/Versions/A/CoreServices
0x00007fff27345000 	/System/Library/PrivateFrameworks/PerformanceAnalysis.framework/Versions/A/PerformanceAnalysis
0x00007fff6cad3000 	/System/Library/Frameworks/OpenGL.framework/Versions/A/OpenGL
0x00007fff2c122000 	/System/Library/PrivateFrameworks/UserActivity.framework/Versions/A/UserActivity
0x00007fff257ea000 	/System/Library/Frameworks/ColorSync.framework/Versions/A/ColorSync
0x00007fff28e42000 	/System/Library/Frameworks/CoreImage.framework/Versions/A/CoreImage
0x00007fff21b9b000 	/System/Library/Frameworks/CoreText.framework/Versions/A/CoreText
0x00007fff28c07000 	/System/Library/Frameworks/ImageIO.framework/Versions/A/ImageIO
0x00007fff2a780000 	/System/Library/PrivateFrameworks/SoftLinking.framework/Versions/A/SoftLinking
0x00007fff273fb000 	/usr/lib/libxml2.2.dylib
0x00007fff204d4000 	/usr/lib/libc++.1.dylib
0x00007fff2a9f2000 	/usr/lib/libcompression.dylib
0x00007fff24d64000 	/usr/lib/libMobileGestalt.dylib
0x00007fff2bfd0000 	/System/Library/PrivateFrameworks/TextureIO.framework/Versions/A/TextureIO
0x00007fff2b018000 	/usr/lib/libate.dylib
0x00007fff2a774000 	/usr/lib/system/libcache.dylib
0x00007fff2a730000 	/usr/lib/system/libcommonCrypto.dylib
0x00007fff2a75a000 	/usr/lib/system/libcompiler_rt.dylib
0x00007fff2a74f000 	/usr/lib/system/libcopyfile.dylib
0x00007fff202fd000 	/usr/lib/system/libcorecrypto.dylib
0x00007fff203ca000 	/usr/lib/system/libdispatch.dylib
0x00007fff2057e000 	/usr/lib/system/libdyld.dylib
0x00007fff2a76b000 	/usr/lib/system/libkeymgr.dylib
0x00007fff2dbb3000 	/usr/lib/system/liblaunch.dylib
0x00007fff2a70e000 	/usr/lib/system/libmacho.dylib
0x00007fff29f28000 	/usr/lib/system/libquarantine.dylib
0x00007fff2a768000 	/usr/lib/system/libremovefile.dylib
0x00007fff24dc0000 	/usr/lib/system/libsystem_asl.dylib
0x00007fff202ad000 	/usr/lib/system/libsystem_blocks.dylib
0x00007fff2044b000 	/usr/lib/system/libsystem_c.dylib
0x00007fff2a762000 	/usr/lib/system/libsystem_collections.dylib
0x00007fff2921c000 	/usr/lib/system/libsystem_configuration.dylib
0x00007fff2850f000 	/usr/lib/system/libsystem_containermanager.dylib
0x00007fff2a4aa000 	/usr/lib/system/libsystem_coreservices.dylib
0x00007fff229dd000 	/usr/lib/system/libsystem_darwin.dylib
0x00007fff2a76c000 	/usr/lib/system/libsystem_dnssd.dylib
0x00007fff20448000 	/usr/lib/system/libsystem_featureflags.dylib
0x00007fff205c3000 	/usr/lib/system/libsystem_info.dylib
0x00007fff2a6c5000 	/usr/lib/system/libsystem_m.dylib
0x00007fff2039d000 	/usr/lib/system/libsystem_malloc.dylib
0x00007fff24d54000 	/usr/lib/system/libsystem_networkextension.dylib
0x00007fff22df8000 	/usr/lib/system/libsystem_notify.dylib
0x00007fff30067000 	/usr/lib/system/libsystem_product_info_filter.dylib
0x00007fff29220000 	/usr/lib/system/libsystem_sandbox.dylib
0x00007fff2a765000 	/usr/lib/system/libsystem_secinit.dylib
0x00007fff20543000 	/usr/lib/system/libsystem_kernel.dylib
0x00007fff205b9000 	/usr/lib/system/libsystem_platform.dylib
0x00007fff20572000 	/usr/lib/system/libsystem_pthread.dylib
0x00007fff264bf000 	/usr/lib/system/libsystem_symptoms.dylib
0x00007fff202e5000 	/usr/lib/system/libsystem_trace.dylib
0x00007fff2a73c000 	/usr/lib/system/libunwind.dylib
0x00007fff202af000 	/usr/lib/system/libxpc.dylib
0x00007fff2052a000 	/usr/lib/libc++abi.dylib
0x00007fff2a747000 	/usr/lib/liboah.dylib
0x00007fff2adfd000 	/usr/lib/liblzma.5.dylib
0x00007fff210b0000 	/System/Library/Frameworks/SystemConfiguration.framework/Versions/A/SystemConfiguration
0x00007fff2a77c000 	/usr/lib/libfakelink.dylib
0x00007fff248b6000 	/System/Library/Frameworks/CFNetwork.framework/Versions/A/CFNetwork
0x00007fff2a8bc000 	/usr/lib/libarchive.2.dylib
0x00007fff2112e000 	/usr/lib/libCRFSuite.dylib
0x00007fff29f4f000 	/usr/lib/libbsm.0.dylib
0x00007fff24272000 	/usr/lib/libnetwork.dylib
0x00007fff2a781000 	/usr/lib/libpcap.A.dylib
0x00007fff264b8000 	/usr/lib/libdns_services.dylib
0x00007fff2ae16000 	/usr/lib/libcoretls_cfhelpers.dylib
0x00007fff2a9c0000 	/usr/lib/libapple_nghttp2.dylib
0x00007fff2a714000 	/usr/lib/system/libkxld.dylib
0x00007fff2611e000 	/usr/lib/libsqlite3.dylib
0x00007fff2a48c000 	/System/Library/PrivateFrameworks/AppleFSCompression.framework/Versions/A/AppleFSCompression
0x00007fff29f37000 	/usr/lib/libcoretls.dylib
0x00007fff2a9ed000 	/usr/lib/libpam.2.dylib
0x00007fff2af13000 	/usr/lib/libxar.1.dylib
0x00007fff29227000 	/System/Library/PrivateFrameworks/AppleSystemInfo.framework/Versions/A/AppleSystemInfo
0x00007fff29b7a000 	/System/Library/PrivateFrameworks/IOMobileFramebuffer.framework/Versions/A/IOMobileFramebuffer
0x00007fff2a49c000 	/usr/lib/libbz2.1.0.dylib
0x00007fff2a7b9000 	/usr/lib/libiconv.2.dylib
0x00007fff2a70d000 	/usr/lib/libcharset.1.dylib
0x00007fff27381000 	/System/Library/Frameworks/CoreServices.framework/Versions/A/Frameworks/FSEvents.framework/Versions/A/FSEvents
0x00007fff229e7000 	/System/Library/Frameworks/CoreServices.framework/Versions/A/Frameworks/CarbonCore.framework/Versions/A/CarbonCore
0x00007fff266c1000 	/System/Library/Frameworks/CoreServices.framework/Versions/A/Frameworks/Metadata.framework/Versions/A/Metadata
0x00007fff2a4af000 	/System/Library/Frameworks/CoreServices.framework/Versions/A/Frameworks/OSServices.framework/Versions/A/OSServices
0x00007fff2a92e000 	/System/Library/Frameworks/CoreServices.framework/Versions/A/Frameworks/SearchKit.framework/Versions/A/SearchKit
0x00007fff26442000 	/System/Library/Frameworks/CoreServices.framework/Versions/A/Frameworks/AE.framework/Versions/A/AE
0x00007fff20a8b000 	/System/Library/Frameworks/CoreServices.framework/Versions/A/Frameworks/LaunchServices.framework/Versions/A/LaunchServices
0x00007fff2adae000 	/System/Library/Frameworks/CoreServices.framework/Versions/A/Frameworks/DictionaryServices.framework/Versions/A/DictionaryServices
0x00007fff2738a000 	/System/Library/Frameworks/CoreServices.framework/Versions/A/Frameworks/SharedFileList.framework/Versions/A/SharedFileList
0x00007fff29f2b000 	/usr/lib/libCheckFix.dylib
0x00007fff24dd7000 	/System/Library/PrivateFrameworks/TCC.framework/Versions/A/TCC
0x00007fff2922d000 	/System/Library/PrivateFrameworks/CoreNLP.framework/Versions/A/CoreNLP
0x00007fff26674000 	/System/Library/PrivateFrameworks/MetadataUtilities.framework/Versions/A/MetadataUtilities
0x00007fff21164000 	/usr/lib/libmecabra.dylib
0x00007fff2a23e000 	/System/Library/Frameworks/MLCompute.framework/Versions/A/MLCompute
0x00007fff29f60000 	/usr/lib/libmecab.dylib
0x00007fff29faa000 	/usr/lib/libgermantok.dylib
0x00007fff2a996000 	/usr/lib/libThaiTokenizer.dylib
0x00007fff2af4e000 	/usr/lib/libChineseTokenizer.dylib
0x00007fff2a9eb000 	/System/Library/Frameworks/MetalPerformanceShaders.framework/Versions/A/MetalPerformanceShaders
0x00007fff26763000 	/System/Library/Frameworks/Accelerate.framework/Versions/A/Frameworks/vImage.framework/Versions/A/vImage
0x00007fff30142000 	/System/Library/Frameworks/Accelerate.framework/Versions/A/Frameworks/vecLib.framework/Versions/A/vecLib
0x00007fff2af59000 	/System/Library/Frameworks/Accelerate.framework/Versions/A/Frameworks/vecLib.framework/Versions/A/libvMisc.dylib
0x00007fff29993000 	/System/Library/Frameworks/Accelerate.framework/Versions/A/Frameworks/vecLib.framework/Versions/A/libvDSP.dylib
0x00007fff20d8f000 	/System/Library/Frameworks/Accelerate.framework/Versions/A/Frameworks/vecLib.framework/Versions/A/libBLAS.dylib
0x00007fff2aa11000 	/System/Library/Frameworks/Accelerate.framework/Versions/A/Frameworks/vecLib.framework/Versions/A/libLAPACK.dylib
0x00007fff29fb0000 	/System/Library/Frameworks/Accelerate.framework/Versions/A/Frameworks/vecLib.framework/Versions/A/libLinearAlgebra.dylib
0x00007fff2a9d8000 	/System/Library/Frameworks/Accelerate.framework/Versions/A/Frameworks/vecLib.framework/Versions/A/libSparseBLAS.dylib
0x00007fff2aa0b000 	/System/Library/Frameworks/Accelerate.framework/Versions/A/Frameworks/vecLib.framework/Versions/A/libQuadrature.dylib
0x00007fff292d5000 	/System/Library/Frameworks/Accelerate.framework/Versions/A/Frameworks/vecLib.framework/Versions/A/libBNNS.dylib
0x00007fff21041000 	/System/Library/Frameworks/Accelerate.framework/Versions/A/Frameworks/vecLib.framework/Versions/A/libSparse.dylib
0x00007fff291c0000 	/System/Library/Frameworks/MetalPerformanceShaders.framework/Versions/A/Frameworks/MPSCore.framework/Versions/A/MPSCore
0x00007fff2a3fb000 	/System/Library/Frameworks/MetalPerformanceShaders.framework/Versions/A/Frameworks/MPSImage.framework/Versions/A/MPSImage
0x00007fff29fc6000 	/System/Library/Frameworks/MetalPerformanceShaders.framework/Versions/A/Frameworks/MPSNeuralNetwork.framework/Versions/A/MPSNeuralNetwork
0x00007fff2a386000 	/System/Library/Frameworks/MetalPerformanceShaders.framework/Versions/A/Frameworks/MPSMatrix.framework/Versions/A/MPSMatrix
0x00007fff2a1ee000 	/System/Library/Frameworks/MetalPerformanceShaders.framework/Versions/A/Frameworks/MPSRayIntersector.framework/Versions/A/MPSRayIntersector
0x00007fff2a3bd000 	/System/Library/Frameworks/MetalPerformanceShaders.framework/Versions/A/Frameworks/MPSNDArray.framework/Versions/A/MPSNDArray
0x00007fff20cbb000 	/System/Library/PrivateFrameworks/MetalTools.framework/Versions/A/MetalTools
0x00007fff29225000 	/System/Library/PrivateFrameworks/AggregateDictionary.framework/Versions/A/AggregateDictionary
0x00007fff2664c000 	/System/Library/PrivateFrameworks/CoreAnalytics.framework/Versions/A/CoreAnalytics
0x00007fff2a998000 	/System/Library/PrivateFrameworks/AppleSauce.framework/Versions/A/AppleSauce
0x00007fff28532000 	/System/Library/PrivateFrameworks/IOAccelerator.framework/Versions/A/IOAccelerator
0x00007fff6cac7000 	/System/Library/Frameworks/OpenGL.framework/Versions/A/Libraries/libCoreFSCache.dylib
0x00007fff21700000 	/System/Library/PrivateFrameworks/LanguageModeling.framework/Versions/A/LanguageModeling
0x00007fff29b67000 	/System/Library/PrivateFrameworks/CoreEmoji.framework/Versions/A/CoreEmoji
0x00007fff292ce000 	/System/Library/PrivateFrameworks/LinguisticData.framework/Versions/A/LinguisticData
0x00007fff20ff3000 	/System/Library/PrivateFrameworks/Lexicon.framework/Versions/A/Lexicon
0x00007fff2a8aa000 	/usr/lib/libcmph.dylib
0x00007fff27361000 	/System/Library/Frameworks/OpenDirectory.framework/Versions/A/Frameworks/CFOpenDirectory.framework/Versions/A/CFOpenDirectory
0x00007fff27351000 	/System/Library/Frameworks/OpenDirectory.framework/Versions/A/OpenDirectory
0x00007fff2ae18000 	/System/Library/PrivateFrameworks/APFS.framework/Versions/A/APFS
0x00007fff29e8c000 	/System/Library/Frameworks/SecurityFoundation.framework/Versions/A/SecurityFoundation
0x00007fff2af21000 	/usr/lib/libutil.dylib
0x00007fff22d0e000 	/System/Library/PrivateFrameworks/CoreServicesStore.framework/Versions/A/CoreServicesStore
0x00007fff29f23000 	/System/Library/Frameworks/ServiceManagement.framework/Versions/A/ServiceManagement
0x00007fff2af25000 	/usr/lib/libxslt.1.dylib
0x00007fff29f19000 	/System/Library/PrivateFrameworks/BackgroundTaskManagement.framework/Versions/A/BackgroundTaskManagement
0x00007fff2bf1a000 	/System/Library/Frameworks/ImageIO.framework/Versions/A/Resources/libRadiance.dylib
0x00007fff2bf24000 	/System/Library/Frameworks/ImageIO.framework/Versions/A/Resources/libJPEG.dylib
0x00007fff2be6f000 	/System/Library/Frameworks/ImageIO.framework/Versions/A/Resources/libPng.dylib
0x00007fff2be96000 	/System/Library/Frameworks/ImageIO.framework/Versions/A/Resources/libTIFF.dylib
0x00007fff2bf79000 	/System/Library/Frameworks/ImageIO.framework/Versions/A/Resources/libGIF.dylib
0x00007fff2bbd2000 	/System/Library/Frameworks/ImageIO.framework/Versions/A/Resources/libJP2.dylib
0x00007fff2b2bc000 	/usr/lib/libexpat.1.dylib
0x00007fff2bb87000 	/System/Library/PrivateFrameworks/AppleJPEG.framework/Versions/A/AppleJPEG
0x00007fff28768000 	/System/Library/PrivateFrameworks/FontServices.framework/libFontParser.dylib
0x00007fff263f6000 	/System/Library/PrivateFrameworks/RunningBoardServices.framework/Versions/A/RunningBoardServices
0x00007fff2bcb1000 	/System/Library/PrivateFrameworks/WatchdogClient.framework/Versions/A/WatchdogClient
0x00007fff217ed000 	/System/Library/Frameworks/CoreDisplay.framework/Versions/A/CoreDisplay
0x00007fff2867e000 	/System/Library/Frameworks/CoreMedia.framework/Versions/A/CoreMedia
0x00007fff274de000 	/System/Library/Frameworks/CoreVideo.framework/Versions/A/CoreVideo
0x00007fff2bce9000 	/System/Library/Frameworks/VideoToolbox.framework/Versions/A/VideoToolbox
0x00007fff26374000 	/System/Library/PrivateFrameworks/BaseBoard.framework/Versions/A/BaseBoard
0x00007fff2b401000 	/System/Library/PrivateFrameworks/PersistentConnection.framework/Versions/A/PersistentConnection
0x00007fff26107000 	/System/Library/PrivateFrameworks/ProtocolBuffer.framework/Versions/A/ProtocolBuffer
0x00007fff2635b000 	/System/Library/PrivateFrameworks/CommonUtilities.framework/Versions/A/CommonUtilities
0x00007fff2bb1c000 	/System/Library/PrivateFrameworks/Bom.framework/Versions/A/Bom
0x00007fff2bf13000 	/System/Library/PrivateFrameworks/GPUWrangler.framework/Versions/A/GPUWrangler
0x00007fff2bef6000 	/System/Library/PrivateFrameworks/IOPresentment.framework/Versions/A/IOPresentment
0x00007fff2bf1e000 	/System/Library/PrivateFrameworks/DSExternalDisplay.framework/Versions/A/DSExternalDisplay
0x00007fff2bf7e000 	/System/Library/PrivateFrameworks/CMCaptureCore.framework/Versions/A/CMCaptureCore
0x00007fff2b8a1000 	/System/Library/PrivateFrameworks/AppServerSupport.framework/Versions/A/AppServerSupport
0x00007fff2d952000 	/System/Library/PrivateFrameworks/perfdata.framework/Versions/A/perfdata
0x00007fff29e7b000 	/System/Library/PrivateFrameworks/AssertionServices.framework/Versions/A/AssertionServices
0x00007fff21924000 	/System/Library/PrivateFrameworks/AudioToolboxCore.framework/Versions/A/AudioToolboxCore
0x00007fff28661000 	/System/Library/PrivateFrameworks/caulk.framework/Versions/A/caulk
0x00007fff3d5fd000 	/System/Library/PrivateFrameworks/SystemPolicy.framework/Versions/A/SystemPolicy
0x00007fff2b0b1000 	/usr/lib/libIOReport.dylib
0x00007fff2d174000 	/usr/lib/libSMC.dylib
0x00007fff2be3c000 	/usr/lib/libAudioToolboxUtility.dylib
0x00007fff3df67000 	/usr/lib/libmis.dylib
0x00007fff6cb23000 	/System/Library/Frameworks/OpenGL.framework/Versions/A/Libraries/libGLU.dylib
0x00007fff6cae6000 	/System/Library/Frameworks/OpenGL.framework/Versions/A/Libraries/libGFXShared.dylib
0x00007fff6ccf5000 	/System/Library/Frameworks/OpenGL.framework/Versions/A/Libraries/libGL.dylib
0x00007fff6caef000 	/System/Library/Frameworks/OpenGL.framework/Versions/A/Libraries/libGLImage.dylib
0x00007fff6cae3000 	/System/Library/Frameworks/OpenGL.framework/Versions/A/Libraries/libCVMSPluginSupport.dylib
0x00007fff6cace000 	/System/Library/Frameworks/OpenGL.framework/Versions/A/Libraries/libCoreVMClient.dylib
0x00007fff6e136000 	/System/Library/Frameworks/OpenCL.framework/Versions/A/OpenCL
0x00007fff2b42b000 	/System/Library/PrivateFrameworks/GraphVisualizer.framework/Versions/A/GraphVisualizer
0x00007fff2b43a000 	/System/Library/PrivateFrameworks/FaceCore.framework/Versions/A/FaceCore
0x00007fff2b856000 	/System/Library/PrivateFrameworks/OTSVG.framework/Versions/A/OTSVG
0x00007fff270d5000 	/System/Library/Frameworks/ApplicationServices.framework/Versions/A/Frameworks/ATS.framework/Versions/A/Resources/libFontRegistry.dylib
0x00007fff2b8a8000 	/System/Library/PrivateFrameworks/FontServices.framework/libhvf.dylib
0x00007fff2b268000 	/System/Library/PrivateFrameworks/AppleVA.framework/Versions/A/AppleVA
0x00007fff2cfbd000 	/System/Library/Frameworks/ApplicationServices.framework/Versions/A/Frameworks/ATS.framework/Versions/A/ATS
0x00007fff2d2cf000 	/System/Library/Frameworks/ApplicationServices.framework/Versions/A/Frameworks/ColorSyncLegacy.framework/Versions/A/ColorSyncLegacy
0x00007fff258e1000 	/System/Library/Frameworks/ApplicationServices.framework/Versions/A/Frameworks/HIServices.framework/Versions/A/HIServices
0x00007fff2d2b4000 	/System/Library/Frameworks/ApplicationServices.framework/Versions/A/Frameworks/LangAnalysis.framework/Versions/A/LangAnalysis
0x00007fff2bf88000 	/System/Library/Frameworks/ApplicationServices.framework/Versions/A/Frameworks/PrintCore.framework/Versions/A/PrintCore
0x00007fff2d2d7000 	/System/Library/Frameworks/ApplicationServices.framework/Versions/A/Frameworks/QD.framework/Versions/A/QD
0x00007fff2cfad000 	/System/Library/Frameworks/ApplicationServices.framework/Versions/A/Frameworks/SpeechSynthesis.framework/Versions/A/SpeechSynthesis
0x00007fff2bf49000 	/System/Library/Frameworks/ApplicationServices.framework/Versions/A/Frameworks/ATSUI.framework/Versions/A/ATSUI
0x00007fff2d254000 	/usr/lib/libcups.2.dylib
0x00007fff2d2c4000 	/System/Library/PrivateFrameworks/NetAuth.framework/Versions/A/NetAuth
0x00007fff2d96e000 	/System/Library/Frameworks/Kerberos.framework/Versions/A/Kerberos
0x00007fff2d97e000 	/System/Library/Frameworks/GSS.framework/Versions/A/GSS
0x00007fff2d029000 	/usr/lib/libresolv.9.dylib
0x00007fff2b8bd000 	/System/Library/PrivateFrameworks/Heimdal.framework/Versions/A/Heimdal
0x00007fff33702000 	/System/Library/Frameworks/Kerberos.framework/Versions/A/Libraries/libHeimdalProxy.dylib
0x00007fff264c7000 	/System/Library/Frameworks/Network.framework/Versions/A/Network
0x00007fff2b2d6000 	/usr/lib/libheimdal-asn1.dylib
0x00007fff2d9ce000 	/System/Library/PrivateFrameworks/CommonAuth.framework/Versions/A/CommonAuth
0x00007fff2752b000 	/System/Library/PrivateFrameworks/login.framework/Versions/A/Frameworks/loginsupport.framework/Versions/A/loginsupport
0x00007fff2cf32000 	/System/Library/PrivateFrameworks/AudioSession.framework/Versions/A/AudioSession
0x00007fff2cf9a000 	/usr/lib/libAudioStatistics.dylib
0x00007fff2b363000 	/System/Library/PrivateFrameworks/MediaExperience.framework/Versions/A/MediaExperience
0x00007fff2cdcf000 	/System/Library/PrivateFrameworks/AudioSession.framework/libSessionUtility.dylib
0x00007fff2d95f000 	/usr/lib/libperfcheck.dylib
0x00007fff2d2e3000 	/System/Library/PrivateFrameworks/AudioResourceArbitration.framework/Versions/A/AudioResourceArbitration
0x00007fff2b2e0000 	/System/Library/PrivateFrameworks/IconFoundation.framework/Versions/A/IconFoundation
0x00007fff2fe0c000 	/System/Library/PrivateFrameworks/SpeechRecognitionCore.framework/Versions/A/SpeechRecognitionCore
0x0000000111000000 	/Library/Internet Plug-Ins/JavaAppletPlugin.plugin/Contents/Home/lib/server/libjvm.dylib
0x00007fff78a0f000 	/usr/lib/libstdc++.6.dylib
0x000000010ebd6000 	/Library/Internet Plug-Ins/JavaAppletPlugin.plugin/Contents/Home/lib/libverify.dylib
0x000000010ebe4000 	/Library/Internet Plug-Ins/JavaAppletPlugin.plugin/Contents/Home/lib/libjava.dylib
0x000000010ec64000 	/Library/Internet Plug-Ins/JavaAppletPlugin.plugin/Contents/Home/lib/libzip.dylib
0x000000010ef61000 	/Library/Internet Plug-Ins/JavaAppletPlugin.plugin/Contents/Home/lib/libmanagement.dylib
0x000000010ef6f000 	/Library/Internet Plug-Ins/JavaAppletPlugin.plugin/Contents/Home/lib/libnet.dylib
0x000000010efb1000 	/Library/Internet Plug-Ins/JavaAppletPlugin.plugin/Contents/Home/lib/libnio.dylib
0x000000012890a000 	/private/var/folders/5l/93l2_g397gx7v3xqthglv_3c0000gn/T/libxgboost4j_minimal4886873130700150823.dylib

VM Arguments:
jvm_args: -ea 
java_command: water.H2OApp -name H2O_started_from_R_alberto_gyc281 -ip localhost -web_ip localhost -port 54321 -ice_root /var/folders/5l/93l2_g397gx7v3xqthglv_3c0000gn/T//RtmpAkM0WJ
java_class_path (initial): /Library/Frameworks/R.framework/Versions/4.0/Resources/library/h2o/java/h2o.jar
Launcher Type: SUN_STANDARD

Environment Variables:
PATH=/usr/bin:/bin:/usr/sbin:/sbin:/usr/local/bin:/Applications/VMware Fusion.app/Contents/Public:/Library/TeX/texbin:/opt/X11/bin:/Applications/RStudio.app/Contents/MacOS/postback
SHELL=/bin/bash
DISPLAY=/private/tmp/com.apple.launchd.AJ5CBoCuG5/org.macosforge.xquartz:0

Signal Handlers:
SIGSEGV: [libjvm.dylib+0x5b71a7], sa_mask[0]=11111111011111110111111111111111, sa_flags=SA_ONSTACK|SA_RESTART|SA_SIGINFO
SIGBUS: [libjvm.dylib+0x5b71a7], sa_mask[0]=11111111011111110111111111111111, sa_flags=SA_RESTART|SA_SIGINFO
SIGFPE: [libjvm.dylib+0x48c8fc], sa_mask[0]=11111111011111110111111111111111, sa_flags=SA_RESTART|SA_SIGINFO
SIGPIPE: [libjvm.dylib+0x48c8fc], sa_mask[0]=11111111011111110111111111111111, sa_flags=SA_RESTART|SA_SIGINFO
SIGXFSZ: [libjvm.dylib+0x48c8fc], sa_mask[0]=11111111011111110111111111111111, sa_flags=SA_RESTART|SA_SIGINFO
SIGILL: [libjvm.dylib+0x48c8fc], sa_mask[0]=11111111011111110111111111111111, sa_flags=SA_RESTART|SA_SIGINFO
SIGUSR1: SIG_IGN, sa_mask[0]=00000000000000000000000000000000, sa_flags=none
SIGUSR2: [libjvm.dylib+0x48c41a], sa_mask[0]=10000000000000000000000000000000, sa_flags=SA_RESTART|SA_SIGINFO
SIGHUP: [libjvm.dylib+0x48a9a5], sa_mask[0]=11111111011111110111111111111111, sa_flags=SA_RESTART|SA_SIGINFO
SIGINT: SIG_IGN, sa_mask[0]=00000000000000000000000000000000, sa_flags=none
SIGTERM: [libjvm.dylib+0x48a9a5], sa_mask[0]=11111111011111110111111111111111, sa_flags=SA_RESTART|SA_SIGINFO
SIGQUIT: [libjvm.dylib+0x48a9a5], sa_mask[0]=11111111011111110111111111111111, sa_flags=SA_RESTART|SA_SIGINFO


---------------  S Y S T E M  ---------------

OS:Bsduname:Darwin 20.3.0 Darwin Kernel Version 20.3.0: Thu Jan 21 00:07:06 PST 2021; root:xnu-7195.81.3~1/RELEASE_X86_64 x86_64
rlimit: STACK 8192k, CORE 0k, NPROC 1392, NOFILE 10240, AS infinity
load average:10.89 5.85 5.40

CPU:total 4 (initial active 4) (2 cores per cpu, 2 threads per core) family 6 model 142 stepping 9, cmov, cx8, fxsr, mmx, sse, sse2, sse3, ssse3, sse4.1, sse4.2, popcnt, avx, avx2, aes, clmul, erms, rtm, 3dnowpref, lzcnt, ht, tsc, tscinvbit, bmi1, bmi2, adx

Memory: 4k page, physical 8388608k(17436k free)

/proc/meminfo:


vm_info: Java HotSpot(TM) 64-Bit Server VM (25.212-b10) for bsd-amd64 JRE (1.8.0_212-b10), built on Apr  1 2019 23:10:56 by "java_re" with gcc 4.2.1 (Based on Apple Inc. build 5658) (LLVM build 2336.11.00)

time: Tue Apr 20 17:31:41 2021
timezone: CEST
elapsed time: 1860 seconds (0d 0h 31m 0s)

